#
# A fatal error has been detected by the Java Runtime Environment:
#
#  EXCEPTION_ACCESS_VIOLATION (0xc0000005) at pc=0x00007fff0b161265, pid=26100, tid=6692
#
# JRE version: Java(TM) SE Runtime Environment (21.0.2+13) (build 21.0.2+13-LTS-58)
# Java VM: Java HotSpot(TM) 64-Bit Server VM (21.0.2+13-LTS-58, mixed mode, sharing, tiered, compressed oops, compressed class ptrs, g1 gc, windows-amd64)
# Problematic frame:
# C  [glfw.dll+0x1265]
#
# No core dump will be written. Minidumps are not enabled by default on client versions of Windows
#
# If you would like to submit a bug report, please visit:
#   https://bugreport.java.com/bugreport/crash.jsp
# The crash happened outside the Java Virtual Machine in native code.
# See problematic frame for where to report the bug.
#

---------------  S U M M A R Y ------------

Command Line: -Dfile.encoding=windows-1252 -Duser.country=US -Duser.language=en -Duser.variant com.project.Main

Host: AMD Ryzen 9 3900XT 12-Core Processor           , 24 cores, 31G,  Windows 11 , 64 bit Build 22621 (10.0.22621.3085)
Time: Tue Feb 27 09:42:33 2024 Jerusalem Standard Time elapsed time: 0.238022 seconds (0d 0h 0m 0s)

---------------  T H R E A D  ---------------

Current thread (0x000001998f83f6d0):  JavaThread "main"             [_thread_in_native, id=6692, stack(0x0000000560500000,0x0000000560600000) (1024K)]

Stack: [0x0000000560500000,0x0000000560600000],  sp=0x00000005605febb0,  free space=1018k
Native frames: (J=compiled Java code, j=interpreted, Vv=VM code, C=native code)
C  [glfw.dll+0x1265]

Java frames: (J=compiled Java code, j=interpreted, Vv=VM code)
j  org.lwjgl.system.JNI.invokePPPP(IIJJJJ)J+0
j  org.lwjgl.glfw.GLFW.nglfwCreateWindow(IIJJJ)J+14
j  org.lwjgl.glfw.GLFW.glfwCreateWindow(IILjava/lang/CharSequence;JJ)J+34
j  com.project.Window.initialize()V+56
j  com.project.Window.run()V+1
j  com.project.Main.main([Ljava/lang/String;)V+17
v  ~StubRoutines::call_stub 0x000001999f0c100d

siginfo: EXCEPTION_ACCESS_VIOLATION (0xc0000005), reading address 0x000000000006020d


Registers:
RAX=0x0000000000060005, RBX=0x00000199f74b6e00, RCX=0x00000005605fec00, RDX=0x0000000000030001
RSP=0x00000005605febb0, RBP=0x00000005605fece0, RSI=0x000000000000012c, RDI=0x000000000000012c
R8 =0x0000000000036001, R9 =0x0000000000060005, R10=0x0000000000060005, R11=0x0000000620ea3208
R12=0x0000000000000000, R13=0x00000199f74b6e00, R14=0x0000000000060005, R15=0x000001998f83f6d0
RIP=0x00007fff0b161265, EFLAGS=0x0000000000010202


Register to memory mapping:

RAX=0x0000000000060005 is an unknown value
RBX={method} {0x00000199f74b6e08} 'invokePPPP' '(IIJJJJ)J' in 'org/lwjgl/system/JNI'
RCX=0x00000005605fec00 is pointing into the stack for thread: 0x000001998f83f6d0
RDX=0x0000000000030001 is an unknown value
RSP=0x00000005605febb0 is pointing into the stack for thread: 0x000001998f83f6d0
RBP=0x00000005605fece0 is pointing into the stack for thread: 0x000001998f83f6d0
RSI=0x000000000000012c is an unknown value
RDI=0x000000000000012c is an unknown value
R8 =0x0000000000036001 is an unknown value
R9 =0x0000000000060005 is an unknown value
R10=0x0000000000060005 is an unknown value
R11=0x0000000620ea3208 is an oop: java.lang.Class 
{0x0000000620ea3208} - klass: 'java/lang/Class'
 - ---- fields (total size 14 words):
 - private volatile transient 'classRedefinedCount' 'I' @12  0 (0x00000000)
 - injected 'klass' 'J' @16  1759711948272 (0x00000199b7016df0)
 - injected 'array_klass' 'J' @24  0 (0x0000000000000000)
 - injected 'oop_size' 'I' @32  14 (0x0000000e)
 - injected 'static_oop_field_count' 'I' @36  0 (0x00000000)
 - private volatile transient 'cachedConstructor' 'Ljava/lang/reflect/Constructor;' @40  null (0x00000000)
 - private transient 'name' 'Ljava/lang/String;' @44  "org.lwjgl.system.JNI"{0x0000000620ea3278} (0xc41d464f)
 - private transient 'module' 'Ljava/lang/Module;' @48  a 'java/lang/Module'{0x0000000621068a68} (0xc420d14d)
 - private final 'classLoader' 'Ljava/lang/ClassLoader;' @52  a 'jdk/internal/loader/ClassLoaders$AppClassLoader'{0x00000006210688a8} (0xc420d115)
 - private transient 'classData' 'Ljava/lang/Object;' @56  null (0x00000000)
 - private transient 'packageName' 'Ljava/lang/String;' @60  "org.lwjgl.system"{0x000000062137d580} (0xc426fab0)
 - private final 'componentType' 'Ljava/lang/Class;' @64  null (0x00000000)
 - private volatile transient 'reflectionData' 'Ljava/lang/ref/SoftReference;' @68  null (0x00000000)
 - private volatile transient 'genericInfo' 'Lsun/reflect/generics/repository/ClassRepository;' @72  null (0x00000000)
 - private volatile transient 'enumConstants' '[Ljava/lang/Object;' @76  null (0x00000000)
 - private volatile transient 'enumConstantDirectory' 'Ljava/util/Map;' @80  null (0x00000000)
 - private volatile transient 'annotationData' 'Ljava/lang/Class$AnnotationData;' @84  null (0x00000000)
 - private volatile transient 'annotationType' 'Lsun/reflect/annotation/AnnotationType;' @88  null (0x00000000)
 - transient 'classValueMap' 'Ljava/lang/ClassValue$ClassValueMap;' @92  null (0x00000000)
 - injected 'protection_domain' 'Ljava/lang/Object;' @96  a 'java/security/ProtectionDomain'{0x0000000621380c70} (0xc427018e)
 - injected 'signers_name' 'Ljava/lang/Object;' @100  null (0x00000000)
 - injected 'source_file' 'Ljava/lang/Object;' @104  null (0x00000000)
 - signature: Lorg/lwjgl/system/JNI;
 - ---- static fields (0):
R12=0x0 is null
R13={method} {0x00000199f74b6e08} 'invokePPPP' '(IIJJJJ)J' in 'org/lwjgl/system/JNI'
R14=0x0000000000060005 is an unknown value
R15=0x000001998f83f6d0 is a thread

Top of Stack: (sp=0x00000005605febb0)
0x00000005605febb0:   ffffffff00000004 ffffffffffffffff
0x00000005605febc0:   0000000000000040 00007ffe9967afc8
0x00000005605febd0:   0000000000000000 00007fff0b166df5
0x00000005605febe0:   0000000000000000 00007ffe9967afc8
0x00000005605febf0:   0000000000000000 00007ffe9914353d
0x00000005605fec00:   0003600100030001 0000000000000001
0x00000005605fec10:   0000000000000000 0000000000000000
0x00000005605fec20:   0000000000000000 0000000000060005
0x00000005605fec30:   0000000000000000 00007ffe9967afc8
0x00000005605fec40:   8000000080000000 0000012c0000012c
0x00000005605fec50:   00000199b575b050 0000000000000001
0x00000005605fec60:   0000000100000001 0000000000000001
0x00000005605fec70:   0000000100000000 0000000000000001
0x00000005605fec80:   0000000100000000 0000000000000000
0x00000005605fec90:   0000000000000000 0000000000000000
0x00000005605feca0:   0000000000000000 0000000000000000
0x00000005605fecb0:   0000000000000000 0000000000000000
0x00000005605fecc0:   0000000000000000 0000000000000000
0x00000005605fecd0:   0000000000000000 0000000000000000
0x00000005605fece0:   0000000000000000 0000000000000000
0x00000005605fecf0:   0000000000000000 0000000000000000
0x00000005605fed00:   0000000000000000 0000000000000000
0x00000005605fed10:   0000000000000000 0000000000000000
0x00000005605fed20:   0000000000000000 0000000000000000
0x00000005605fed30:   0000000000000000 0000000000000000
0x00000005605fed40:   0000000000000000 0000000000000000
0x00000005605fed50:   0000000000000000 0000000000000000
0x00000005605fed60:   0000000000000000 0000000000000000
0x00000005605fed70:   0000000000000000 0000000000000000
0x00000005605fed80:   0000000000000000 0000000000000000
0x00000005605fed90:   0000000000000000 0000000000000000
0x00000005605feda0:   0000000000000000 0000000000000000 

Instructions: (pc=0x00007fff0b161265)
0x00007fff0b161165:   49 24 83 f9 ff 74 08 2b 4a fc 0f af c9 03 c1 83
0x00007fff0b161175:   fb ff 74 08 2b 5a 08 0f af db 03 c3 41 83 79 34
0x00007fff0b161185:   00 74 08 83 7a 0c 00 75 02 ff c0 41 3b f6 73 06
0x00007fff0b161195:   48 8d 6a d8 eb 1d 75 12 45 3b c7 72 07 75 0b 41
0x00007fff0b1611a5:   3b c4 73 06 48 8d 6a d8 eb 09 48 8d 4a d8 48 3b
0x00007fff0b1611b5:   cd 75 09 44 8b f6 45 8b f8 44 8b e0 b8 01 00 00
0x00007fff0b1611c5:   00 48 83 c2 48 49 83 ed 01 0f 85 7c fe ff ff 4c
0x00007fff0b1611d5:   8b 6c 24 40 48 8b 7c 24 38 48 8b 74 24 30 48 8b
0x00007fff0b1611e5:   5c 24 28 48 8b c5 41 5f 41 5e 41 5c 5d c3 cc cc
0x00007fff0b1611f5:   cc cc cc cc cc cc cc cc cc cc cc 48 83 ec 28 44
0x00007fff0b161205:   8b 41 04 41 8d 80 ff 9f fc ff 83 f8 02 76 18 48
0x00007fff0b161215:   8d 15 55 f4 02 00 b9 03 00 01 00 e8 7b 0c 00 00
0x00007fff0b161225:   33 c0 48 83 c4 28 c3 8b 11 85 d2 74 26 8d 82 ff
0x00007fff0b161235:   ff fc ff 83 f8 01 76 1b 44 8b c2 b9 03 00 01 00
0x00007fff0b161245:   48 8d 15 4c f4 02 00 e8 4f 0c 00 00 33 c0 48 83
0x00007fff0b161255:   c4 28 c3 48 8b 41 28 48 85 c0 74 41 85 d2 74 2a
0x00007fff0b161265:   83 b8 08 02 00 00 00 74 21 44 3b 80 0c 02 00 00
0x00007fff0b161275:   74 2b 48 8d 15 3a f4 02 00 b9 03 00 01 00 e8 18
0x00007fff0b161285:   0c 00 00 33 c0 48 83 c4 28 c3 33 d2 b9 0a 00 01
0x00007fff0b161295:   00 e8 05 0c 00 00 33 c0 48 83 c4 28 c3 81 fa 01
0x00007fff0b1612a5:   00 03 00 0f 85 e3 00 00 00 44 8b 41 08 41 83 f8
0x00007fff0b1612b5:   01 0f 8c b9 00 00 00 8b 51 0c 85 d2 0f 88 ae 00
0x00007fff0b1612c5:   00 00 41 83 f8 01 75 09 83 fa 05 0f 8f 9f 00 00
0x00007fff0b1612d5:   00 41 83 f8 02 75 09 83 fa 01 0f 8f 90 00 00 00
0x00007fff0b1612e5:   41 83 f8 03 75 09 41 3b d0 0f 8f 81 00 00 00 44
0x00007fff0b1612f5:   8b 49 1c 45 85 c9 74 50 41 8d 81 ff df fc ff 83
0x00007fff0b161305:   f8 01 76 1b 45 8b c1 48 8d 15 fd f3 02 00 b9 03
0x00007fff0b161315:   00 01 00 e8 83 0b 00 00 33 c0 48 83 c4 28 c3 41
0x00007fff0b161325:   83 f8 02 7e 0b 41 83 f8 03 75 1d 83 fa 02 7d 18
0x00007fff0b161335:   48 8d 15 f4 f3 02 00 b9 04 00 01 00 e8 5a 0b 00
0x00007fff0b161345:   00 33 c0 48 83 c4 28 c3 83 79 10 00 0f 84 84 00
0x00007fff0b161355:   00 00 41 83 f8 02 7f 7e 48 8d 15 1c f4 02 00 b9 


Stack slot to memory mapping:

stack at sp + 0 slots: 0xffffffff00000004 is an unknown value
stack at sp + 1 slots: 0xffffffffffffffff is an unknown value
stack at sp + 2 slots: 0x0000000000000040 is an unknown value
stack at sp + 3 slots: 0x00007ffe9967afc8 jvm.dll
stack at sp + 4 slots: 0x0 is null
stack at sp + 5 slots: 0x00007fff0b166df5 glfw.dll
stack at sp + 6 slots: 0x0 is null
stack at sp + 7 slots: 0x00007ffe9967afc8 jvm.dll


---------------  P R O C E S S  ---------------

Threads class SMR info:
_java_thread_list=0x00000199b5694040, length=13, elements={
0x000001998f83f6d0, 0x00000199b50daff0, 0x00000199b50dc210, 0x00000199b50dece0,
0x00000199b50e3ad0, 0x00000199b5106430, 0x00000199b5109f10, 0x00000199b5124c10,
0x00000199b5128ac0, 0x00000199b5127d20, 0x00000199b510b2c0, 0x00000199b510a5a0,
0x00000199b5126f80
}

Java Threads: ( => current thread )
=>0x000001998f83f6d0 JavaThread "main"                              [_thread_in_native, id=6692, stack(0x0000000560500000,0x0000000560600000) (1024K)]
  0x00000199b50daff0 JavaThread "Reference Handler"          daemon [_thread_blocked, id=15416, stack(0x0000000560d00000,0x0000000560e00000) (1024K)]
  0x00000199b50dc210 JavaThread "Finalizer"                  daemon [_thread_blocked, id=1560, stack(0x0000000560e00000,0x0000000560f00000) (1024K)]
  0x00000199b50dece0 JavaThread "Signal Dispatcher"          daemon [_thread_blocked, id=15000, stack(0x0000000560f00000,0x0000000561000000) (1024K)]
  0x00000199b50e3ad0 JavaThread "Attach Listener"            daemon [_thread_blocked, id=5184, stack(0x0000000561000000,0x0000000561100000) (1024K)]
  0x00000199b5106430 JavaThread "Service Thread"             daemon [_thread_blocked, id=3524, stack(0x0000000561100000,0x0000000561200000) (1024K)]
  0x00000199b5109f10 JavaThread "Monitor Deflation Thread"   daemon [_thread_blocked, id=8668, stack(0x0000000561200000,0x0000000561300000) (1024K)]
  0x00000199b5124c10 JavaThread "C2 CompilerThread0"         daemon [_thread_blocked, id=11644, stack(0x0000000561300000,0x0000000561400000) (1024K)]
  0x00000199b5128ac0 JavaThread "C1 CompilerThread0"         daemon [_thread_blocked, id=3516, stack(0x0000000561400000,0x0000000561500000) (1024K)]
  0x00000199b5127d20 JavaThread "C1 CompilerThread1"         daemon [_thread_blocked, id=19404, stack(0x0000000561500000,0x0000000561600000) (1024K)]
  0x00000199b510b2c0 JavaThread "Notification Thread"        daemon [_thread_blocked, id=25364, stack(0x0000000561600000,0x0000000561700000) (1024K)]
  0x00000199b510a5a0 JavaThread "Common-Cleaner"             daemon [_thread_blocked, id=13528, stack(0x0000000561700000,0x0000000561800000) (1024K)]
  0x00000199b5126f80 JavaThread "C2 CompilerThread1"         daemon [_thread_blocked, id=28032, stack(0x0000000561800000,0x0000000561900000) (1024K)]
Total: 13

Other Threads:
  0x00000199b1cfa960 VMThread "VM Thread"                           [id=13372, stack(0x0000000560c00000,0x0000000560d00000) (1024K)]
  0x00000199b1ce7650 WatcherThread "VM Periodic Task Thread"        [id=6264, stack(0x0000000560b00000,0x0000000560c00000) (1024K)]
  0x000001998f8a6480 WorkerThread "GC Thread#0"                     [id=14428, stack(0x0000000560600000,0x0000000560700000) (1024K)]
  0x000001998f8b76b0 ConcurrentGCThread "G1 Main Marker"            [id=17204, stack(0x0000000560700000,0x0000000560800000) (1024K)]
  0x000001998f8b8d20 WorkerThread "G1 Conc#0"                       [id=26028, stack(0x0000000560800000,0x0000000560900000) (1024K)]
  0x00000199b1c244e0 ConcurrentGCThread "G1 Refine#0"               [id=6084, stack(0x0000000560900000,0x0000000560a00000) (1024K)]
  0x00000199b1c25050 ConcurrentGCThread "G1 Service"                [id=8376, stack(0x0000000560a00000,0x0000000560b00000) (1024K)]
Total: 7

Threads with active compile tasks:
Total: 0

VM state: not at safepoint (normal execution)

VM Mutex/Monitor currently owned by a thread: None

Heap address: 0x0000000601400000, size: 8172 MB, Compressed Oops mode: Zero based, Oop shift amount: 3

CDS archive(s) mapped at: [0x00000199b6000000-0x00000199b6c90000-0x00000199b6c90000), size 13172736, SharedBaseAddress: 0x00000199b6000000, ArchiveRelocationMode: 1.
Compressed class space mapped at: 0x00000199b7000000-0x00000199f7000000, reserved size: 1073741824
Narrow klass base: 0x00000199b6000000, Narrow klass shift: 0, Narrow klass range: 0x100000000

GC Precious Log:
 CardTable entry size: 512
 Card Set container configuration: InlinePtr #cards 4 size 8 Array Of Cards #cards 32 size 80 Howl #buckets 8 coarsen threshold 7372 Howl Bitmap #cards 1024 size 144 coarsen threshold 921 Card regions per heap region 1 cards per card region 8192
 CPUs: 24 total, 24 available
 Memory: 32679M
 Large Page Support: Disabled
 NUMA Support: Disabled
 Compressed Oops: Enabled (Zero based)
 Heap Region Size: 4M
 Heap Min Capacity: 8M
 Heap Initial Capacity: 512M
 Heap Max Capacity: 8172M
 Pre-touch: Disabled
 Parallel Workers: 18
 Concurrent Workers: 5
 Concurrent Refinement Workers: 18
 Periodic GC: Disabled

Heap:
 garbage-first heap   total 524288K, used 4096K [0x0000000601400000, 0x0000000800000000)
  region size 4096K, 2 young (8192K), 0 survivors (0K)
 Metaspace       used 2586K, committed 2752K, reserved 1114112K
  class space    used 185K, committed 256K, reserved 1048576K

Heap Regions: E=young(eden), S=young(survivor), O=old, HS=humongous(starts), HC=humongous(continues), CS=collection set, F=free, TAMS=top-at-mark-start, PB=parsable bottom
|   0|0x0000000601400000, 0x0000000601400000, 0x0000000601800000|  0%| F|  |TAMS 0x0000000601400000| PB 0x0000000601400000| Untracked 
|   1|0x0000000601800000, 0x0000000601800000, 0x0000000601c00000|  0%| F|  |TAMS 0x0000000601800000| PB 0x0000000601800000| Untracked 
|   2|0x0000000601c00000, 0x0000000601c00000, 0x0000000602000000|  0%| F|  |TAMS 0x0000000601c00000| PB 0x0000000601c00000| Untracked 
|   3|0x0000000602000000, 0x0000000602000000, 0x0000000602400000|  0%| F|  |TAMS 0x0000000602000000| PB 0x0000000602000000| Untracked 
|   4|0x0000000602400000, 0x0000000602400000, 0x0000000602800000|  0%| F|  |TAMS 0x0000000602400000| PB 0x0000000602400000| Untracked 
|   5|0x0000000602800000, 0x0000000602800000, 0x0000000602c00000|  0%| F|  |TAMS 0x0000000602800000| PB 0x0000000602800000| Untracked 
|   6|0x0000000602c00000, 0x0000000602c00000, 0x0000000603000000|  0%| F|  |TAMS 0x0000000602c00000| PB 0x0000000602c00000| Untracked 
|   7|0x0000000603000000, 0x0000000603000000, 0x0000000603400000|  0%| F|  |TAMS 0x0000000603000000| PB 0x0000000603000000| Untracked 
|   8|0x0000000603400000, 0x0000000603400000, 0x0000000603800000|  0%| F|  |TAMS 0x0000000603400000| PB 0x0000000603400000| Untracked 
|   9|0x0000000603800000, 0x0000000603800000, 0x0000000603c00000|  0%| F|  |TAMS 0x0000000603800000| PB 0x0000000603800000| Untracked 
|  10|0x0000000603c00000, 0x0000000603c00000, 0x0000000604000000|  0%| F|  |TAMS 0x0000000603c00000| PB 0x0000000603c00000| Untracked 
|  11|0x0000000604000000, 0x0000000604000000, 0x0000000604400000|  0%| F|  |TAMS 0x0000000604000000| PB 0x0000000604000000| Untracked 
|  12|0x0000000604400000, 0x0000000604400000, 0x0000000604800000|  0%| F|  |TAMS 0x0000000604400000| PB 0x0000000604400000| Untracked 
|  13|0x0000000604800000, 0x0000000604800000, 0x0000000604c00000|  0%| F|  |TAMS 0x0000000604800000| PB 0x0000000604800000| Untracked 
|  14|0x0000000604c00000, 0x0000000604c00000, 0x0000000605000000|  0%| F|  |TAMS 0x0000000604c00000| PB 0x0000000604c00000| Untracked 
|  15|0x0000000605000000, 0x0000000605000000, 0x0000000605400000|  0%| F|  |TAMS 0x0000000605000000| PB 0x0000000605000000| Untracked 
|  16|0x0000000605400000, 0x0000000605400000, 0x0000000605800000|  0%| F|  |TAMS 0x0000000605400000| PB 0x0000000605400000| Untracked 
|  17|0x0000000605800000, 0x0000000605800000, 0x0000000605c00000|  0%| F|  |TAMS 0x0000000605800000| PB 0x0000000605800000| Untracked 
|  18|0x0000000605c00000, 0x0000000605c00000, 0x0000000606000000|  0%| F|  |TAMS 0x0000000605c00000| PB 0x0000000605c00000| Untracked 
|  19|0x0000000606000000, 0x0000000606000000, 0x0000000606400000|  0%| F|  |TAMS 0x0000000606000000| PB 0x0000000606000000| Untracked 
|  20|0x0000000606400000, 0x0000000606400000, 0x0000000606800000|  0%| F|  |TAMS 0x0000000606400000| PB 0x0000000606400000| Untracked 
|  21|0x0000000606800000, 0x0000000606800000, 0x0000000606c00000|  0%| F|  |TAMS 0x0000000606800000| PB 0x0000000606800000| Untracked 
|  22|0x0000000606c00000, 0x0000000606c00000, 0x0000000607000000|  0%| F|  |TAMS 0x0000000606c00000| PB 0x0000000606c00000| Untracked 
|  23|0x0000000607000000, 0x0000000607000000, 0x0000000607400000|  0%| F|  |TAMS 0x0000000607000000| PB 0x0000000607000000| Untracked 
|  24|0x0000000607400000, 0x0000000607400000, 0x0000000607800000|  0%| F|  |TAMS 0x0000000607400000| PB 0x0000000607400000| Untracked 
|  25|0x0000000607800000, 0x0000000607800000, 0x0000000607c00000|  0%| F|  |TAMS 0x0000000607800000| PB 0x0000000607800000| Untracked 
|  26|0x0000000607c00000, 0x0000000607c00000, 0x0000000608000000|  0%| F|  |TAMS 0x0000000607c00000| PB 0x0000000607c00000| Untracked 
|  27|0x0000000608000000, 0x0000000608000000, 0x0000000608400000|  0%| F|  |TAMS 0x0000000608000000| PB 0x0000000608000000| Untracked 
|  28|0x0000000608400000, 0x0000000608400000, 0x0000000608800000|  0%| F|  |TAMS 0x0000000608400000| PB 0x0000000608400000| Untracked 
|  29|0x0000000608800000, 0x0000000608800000, 0x0000000608c00000|  0%| F|  |TAMS 0x0000000608800000| PB 0x0000000608800000| Untracked 
|  30|0x0000000608c00000, 0x0000000608c00000, 0x0000000609000000|  0%| F|  |TAMS 0x0000000608c00000| PB 0x0000000608c00000| Untracked 
|  31|0x0000000609000000, 0x0000000609000000, 0x0000000609400000|  0%| F|  |TAMS 0x0000000609000000| PB 0x0000000609000000| Untracked 
|  32|0x0000000609400000, 0x0000000609400000, 0x0000000609800000|  0%| F|  |TAMS 0x0000000609400000| PB 0x0000000609400000| Untracked 
|  33|0x0000000609800000, 0x0000000609800000, 0x0000000609c00000|  0%| F|  |TAMS 0x0000000609800000| PB 0x0000000609800000| Untracked 
|  34|0x0000000609c00000, 0x0000000609c00000, 0x000000060a000000|  0%| F|  |TAMS 0x0000000609c00000| PB 0x0000000609c00000| Untracked 
|  35|0x000000060a000000, 0x000000060a000000, 0x000000060a400000|  0%| F|  |TAMS 0x000000060a000000| PB 0x000000060a000000| Untracked 
|  36|0x000000060a400000, 0x000000060a400000, 0x000000060a800000|  0%| F|  |TAMS 0x000000060a400000| PB 0x000000060a400000| Untracked 
|  37|0x000000060a800000, 0x000000060a800000, 0x000000060ac00000|  0%| F|  |TAMS 0x000000060a800000| PB 0x000000060a800000| Untracked 
|  38|0x000000060ac00000, 0x000000060ac00000, 0x000000060b000000|  0%| F|  |TAMS 0x000000060ac00000| PB 0x000000060ac00000| Untracked 
|  39|0x000000060b000000, 0x000000060b000000, 0x000000060b400000|  0%| F|  |TAMS 0x000000060b000000| PB 0x000000060b000000| Untracked 
|  40|0x000000060b400000, 0x000000060b400000, 0x000000060b800000|  0%| F|  |TAMS 0x000000060b400000| PB 0x000000060b400000| Untracked 
|  41|0x000000060b800000, 0x000000060b800000, 0x000000060bc00000|  0%| F|  |TAMS 0x000000060b800000| PB 0x000000060b800000| Untracked 
|  42|0x000000060bc00000, 0x000000060bc00000, 0x000000060c000000|  0%| F|  |TAMS 0x000000060bc00000| PB 0x000000060bc00000| Untracked 
|  43|0x000000060c000000, 0x000000060c000000, 0x000000060c400000|  0%| F|  |TAMS 0x000000060c000000| PB 0x000000060c000000| Untracked 
|  44|0x000000060c400000, 0x000000060c400000, 0x000000060c800000|  0%| F|  |TAMS 0x000000060c400000| PB 0x000000060c400000| Untracked 
|  45|0x000000060c800000, 0x000000060c800000, 0x000000060cc00000|  0%| F|  |TAMS 0x000000060c800000| PB 0x000000060c800000| Untracked 
|  46|0x000000060cc00000, 0x000000060cc00000, 0x000000060d000000|  0%| F|  |TAMS 0x000000060cc00000| PB 0x000000060cc00000| Untracked 
|  47|0x000000060d000000, 0x000000060d000000, 0x000000060d400000|  0%| F|  |TAMS 0x000000060d000000| PB 0x000000060d000000| Untracked 
|  48|0x000000060d400000, 0x000000060d400000, 0x000000060d800000|  0%| F|  |TAMS 0x000000060d400000| PB 0x000000060d400000| Untracked 
|  49|0x000000060d800000, 0x000000060d800000, 0x000000060dc00000|  0%| F|  |TAMS 0x000000060d800000| PB 0x000000060d800000| Untracked 
|  50|0x000000060dc00000, 0x000000060dc00000, 0x000000060e000000|  0%| F|  |TAMS 0x000000060dc00000| PB 0x000000060dc00000| Untracked 
|  51|0x000000060e000000, 0x000000060e000000, 0x000000060e400000|  0%| F|  |TAMS 0x000000060e000000| PB 0x000000060e000000| Untracked 
|  52|0x000000060e400000, 0x000000060e400000, 0x000000060e800000|  0%| F|  |TAMS 0x000000060e400000| PB 0x000000060e400000| Untracked 
|  53|0x000000060e800000, 0x000000060e800000, 0x000000060ec00000|  0%| F|  |TAMS 0x000000060e800000| PB 0x000000060e800000| Untracked 
|  54|0x000000060ec00000, 0x000000060ec00000, 0x000000060f000000|  0%| F|  |TAMS 0x000000060ec00000| PB 0x000000060ec00000| Untracked 
|  55|0x000000060f000000, 0x000000060f000000, 0x000000060f400000|  0%| F|  |TAMS 0x000000060f000000| PB 0x000000060f000000| Untracked 
|  56|0x000000060f400000, 0x000000060f400000, 0x000000060f800000|  0%| F|  |TAMS 0x000000060f400000| PB 0x000000060f400000| Untracked 
|  57|0x000000060f800000, 0x000000060f800000, 0x000000060fc00000|  0%| F|  |TAMS 0x000000060f800000| PB 0x000000060f800000| Untracked 
|  58|0x000000060fc00000, 0x000000060fc00000, 0x0000000610000000|  0%| F|  |TAMS 0x000000060fc00000| PB 0x000000060fc00000| Untracked 
|  59|0x0000000610000000, 0x0000000610000000, 0x0000000610400000|  0%| F|  |TAMS 0x0000000610000000| PB 0x0000000610000000| Untracked 
|  60|0x0000000610400000, 0x0000000610400000, 0x0000000610800000|  0%| F|  |TAMS 0x0000000610400000| PB 0x0000000610400000| Untracked 
|  61|0x0000000610800000, 0x0000000610800000, 0x0000000610c00000|  0%| F|  |TAMS 0x0000000610800000| PB 0x0000000610800000| Untracked 
|  62|0x0000000610c00000, 0x0000000610c00000, 0x0000000611000000|  0%| F|  |TAMS 0x0000000610c00000| PB 0x0000000610c00000| Untracked 
|  63|0x0000000611000000, 0x0000000611000000, 0x0000000611400000|  0%| F|  |TAMS 0x0000000611000000| PB 0x0000000611000000| Untracked 
|  64|0x0000000611400000, 0x0000000611400000, 0x0000000611800000|  0%| F|  |TAMS 0x0000000611400000| PB 0x0000000611400000| Untracked 
|  65|0x0000000611800000, 0x0000000611800000, 0x0000000611c00000|  0%| F|  |TAMS 0x0000000611800000| PB 0x0000000611800000| Untracked 
|  66|0x0000000611c00000, 0x0000000611c00000, 0x0000000612000000|  0%| F|  |TAMS 0x0000000611c00000| PB 0x0000000611c00000| Untracked 
|  67|0x0000000612000000, 0x0000000612000000, 0x0000000612400000|  0%| F|  |TAMS 0x0000000612000000| PB 0x0000000612000000| Untracked 
|  68|0x0000000612400000, 0x0000000612400000, 0x0000000612800000|  0%| F|  |TAMS 0x0000000612400000| PB 0x0000000612400000| Untracked 
|  69|0x0000000612800000, 0x0000000612800000, 0x0000000612c00000|  0%| F|  |TAMS 0x0000000612800000| PB 0x0000000612800000| Untracked 
|  70|0x0000000612c00000, 0x0000000612c00000, 0x0000000613000000|  0%| F|  |TAMS 0x0000000612c00000| PB 0x0000000612c00000| Untracked 
|  71|0x0000000613000000, 0x0000000613000000, 0x0000000613400000|  0%| F|  |TAMS 0x0000000613000000| PB 0x0000000613000000| Untracked 
|  72|0x0000000613400000, 0x0000000613400000, 0x0000000613800000|  0%| F|  |TAMS 0x0000000613400000| PB 0x0000000613400000| Untracked 
|  73|0x0000000613800000, 0x0000000613800000, 0x0000000613c00000|  0%| F|  |TAMS 0x0000000613800000| PB 0x0000000613800000| Untracked 
|  74|0x0000000613c00000, 0x0000000613c00000, 0x0000000614000000|  0%| F|  |TAMS 0x0000000613c00000| PB 0x0000000613c00000| Untracked 
|  75|0x0000000614000000, 0x0000000614000000, 0x0000000614400000|  0%| F|  |TAMS 0x0000000614000000| PB 0x0000000614000000| Untracked 
|  76|0x0000000614400000, 0x0000000614400000, 0x0000000614800000|  0%| F|  |TAMS 0x0000000614400000| PB 0x0000000614400000| Untracked 
|  77|0x0000000614800000, 0x0000000614800000, 0x0000000614c00000|  0%| F|  |TAMS 0x0000000614800000| PB 0x0000000614800000| Untracked 
|  78|0x0000000614c00000, 0x0000000614c00000, 0x0000000615000000|  0%| F|  |TAMS 0x0000000614c00000| PB 0x0000000614c00000| Untracked 
|  79|0x0000000615000000, 0x0000000615000000, 0x0000000615400000|  0%| F|  |TAMS 0x0000000615000000| PB 0x0000000615000000| Untracked 
|  80|0x0000000615400000, 0x0000000615400000, 0x0000000615800000|  0%| F|  |TAMS 0x0000000615400000| PB 0x0000000615400000| Untracked 
|  81|0x0000000615800000, 0x0000000615800000, 0x0000000615c00000|  0%| F|  |TAMS 0x0000000615800000| PB 0x0000000615800000| Untracked 
|  82|0x0000000615c00000, 0x0000000615c00000, 0x0000000616000000|  0%| F|  |TAMS 0x0000000615c00000| PB 0x0000000615c00000| Untracked 
|  83|0x0000000616000000, 0x0000000616000000, 0x0000000616400000|  0%| F|  |TAMS 0x0000000616000000| PB 0x0000000616000000| Untracked 
|  84|0x0000000616400000, 0x0000000616400000, 0x0000000616800000|  0%| F|  |TAMS 0x0000000616400000| PB 0x0000000616400000| Untracked 
|  85|0x0000000616800000, 0x0000000616800000, 0x0000000616c00000|  0%| F|  |TAMS 0x0000000616800000| PB 0x0000000616800000| Untracked 
|  86|0x0000000616c00000, 0x0000000616c00000, 0x0000000617000000|  0%| F|  |TAMS 0x0000000616c00000| PB 0x0000000616c00000| Untracked 
|  87|0x0000000617000000, 0x0000000617000000, 0x0000000617400000|  0%| F|  |TAMS 0x0000000617000000| PB 0x0000000617000000| Untracked 
|  88|0x0000000617400000, 0x0000000617400000, 0x0000000617800000|  0%| F|  |TAMS 0x0000000617400000| PB 0x0000000617400000| Untracked 
|  89|0x0000000617800000, 0x0000000617800000, 0x0000000617c00000|  0%| F|  |TAMS 0x0000000617800000| PB 0x0000000617800000| Untracked 
|  90|0x0000000617c00000, 0x0000000617c00000, 0x0000000618000000|  0%| F|  |TAMS 0x0000000617c00000| PB 0x0000000617c00000| Untracked 
|  91|0x0000000618000000, 0x0000000618000000, 0x0000000618400000|  0%| F|  |TAMS 0x0000000618000000| PB 0x0000000618000000| Untracked 
|  92|0x0000000618400000, 0x0000000618400000, 0x0000000618800000|  0%| F|  |TAMS 0x0000000618400000| PB 0x0000000618400000| Untracked 
|  93|0x0000000618800000, 0x0000000618800000, 0x0000000618c00000|  0%| F|  |TAMS 0x0000000618800000| PB 0x0000000618800000| Untracked 
|  94|0x0000000618c00000, 0x0000000618c00000, 0x0000000619000000|  0%| F|  |TAMS 0x0000000618c00000| PB 0x0000000618c00000| Untracked 
|  95|0x0000000619000000, 0x0000000619000000, 0x0000000619400000|  0%| F|  |TAMS 0x0000000619000000| PB 0x0000000619000000| Untracked 
|  96|0x0000000619400000, 0x0000000619400000, 0x0000000619800000|  0%| F|  |TAMS 0x0000000619400000| PB 0x0000000619400000| Untracked 
|  97|0x0000000619800000, 0x0000000619800000, 0x0000000619c00000|  0%| F|  |TAMS 0x0000000619800000| PB 0x0000000619800000| Untracked 
|  98|0x0000000619c00000, 0x0000000619c00000, 0x000000061a000000|  0%| F|  |TAMS 0x0000000619c00000| PB 0x0000000619c00000| Untracked 
|  99|0x000000061a000000, 0x000000061a000000, 0x000000061a400000|  0%| F|  |TAMS 0x000000061a000000| PB 0x000000061a000000| Untracked 
| 100|0x000000061a400000, 0x000000061a400000, 0x000000061a800000|  0%| F|  |TAMS 0x000000061a400000| PB 0x000000061a400000| Untracked 
| 101|0x000000061a800000, 0x000000061a800000, 0x000000061ac00000|  0%| F|  |TAMS 0x000000061a800000| PB 0x000000061a800000| Untracked 
| 102|0x000000061ac00000, 0x000000061ac00000, 0x000000061b000000|  0%| F|  |TAMS 0x000000061ac00000| PB 0x000000061ac00000| Untracked 
| 103|0x000000061b000000, 0x000000061b000000, 0x000000061b400000|  0%| F|  |TAMS 0x000000061b000000| PB 0x000000061b000000| Untracked 
| 104|0x000000061b400000, 0x000000061b400000, 0x000000061b800000|  0%| F|  |TAMS 0x000000061b400000| PB 0x000000061b400000| Untracked 
| 105|0x000000061b800000, 0x000000061b800000, 0x000000061bc00000|  0%| F|  |TAMS 0x000000061b800000| PB 0x000000061b800000| Untracked 
| 106|0x000000061bc00000, 0x000000061bc00000, 0x000000061c000000|  0%| F|  |TAMS 0x000000061bc00000| PB 0x000000061bc00000| Untracked 
| 107|0x000000061c000000, 0x000000061c000000, 0x000000061c400000|  0%| F|  |TAMS 0x000000061c000000| PB 0x000000061c000000| Untracked 
| 108|0x000000061c400000, 0x000000061c400000, 0x000000061c800000|  0%| F|  |TAMS 0x000000061c400000| PB 0x000000061c400000| Untracked 
| 109|0x000000061c800000, 0x000000061c800000, 0x000000061cc00000|  0%| F|  |TAMS 0x000000061c800000| PB 0x000000061c800000| Untracked 
| 110|0x000000061cc00000, 0x000000061cc00000, 0x000000061d000000|  0%| F|  |TAMS 0x000000061cc00000| PB 0x000000061cc00000| Untracked 
| 111|0x000000061d000000, 0x000000061d000000, 0x000000061d400000|  0%| F|  |TAMS 0x000000061d000000| PB 0x000000061d000000| Untracked 
| 112|0x000000061d400000, 0x000000061d400000, 0x000000061d800000|  0%| F|  |TAMS 0x000000061d400000| PB 0x000000061d400000| Untracked 
| 113|0x000000061d800000, 0x000000061d800000, 0x000000061dc00000|  0%| F|  |TAMS 0x000000061d800000| PB 0x000000061d800000| Untracked 
| 114|0x000000061dc00000, 0x000000061dc00000, 0x000000061e000000|  0%| F|  |TAMS 0x000000061dc00000| PB 0x000000061dc00000| Untracked 
| 115|0x000000061e000000, 0x000000061e000000, 0x000000061e400000|  0%| F|  |TAMS 0x000000061e000000| PB 0x000000061e000000| Untracked 
| 116|0x000000061e400000, 0x000000061e400000, 0x000000061e800000|  0%| F|  |TAMS 0x000000061e400000| PB 0x000000061e400000| Untracked 
| 117|0x000000061e800000, 0x000000061e800000, 0x000000061ec00000|  0%| F|  |TAMS 0x000000061e800000| PB 0x000000061e800000| Untracked 
| 118|0x000000061ec00000, 0x000000061ec00000, 0x000000061f000000|  0%| F|  |TAMS 0x000000061ec00000| PB 0x000000061ec00000| Untracked 
| 119|0x000000061f000000, 0x000000061f000000, 0x000000061f400000|  0%| F|  |TAMS 0x000000061f000000| PB 0x000000061f000000| Untracked 
| 120|0x000000061f400000, 0x000000061f400000, 0x000000061f800000|  0%| F|  |TAMS 0x000000061f400000| PB 0x000000061f400000| Untracked 
| 121|0x000000061f800000, 0x000000061f800000, 0x000000061fc00000|  0%| F|  |TAMS 0x000000061f800000| PB 0x000000061f800000| Untracked 
| 122|0x000000061fc00000, 0x000000061fc00000, 0x0000000620000000|  0%| F|  |TAMS 0x000000061fc00000| PB 0x000000061fc00000| Untracked 
| 123|0x0000000620000000, 0x0000000620000000, 0x0000000620400000|  0%| F|  |TAMS 0x0000000620000000| PB 0x0000000620000000| Untracked 
| 124|0x0000000620400000, 0x0000000620400000, 0x0000000620800000|  0%| F|  |TAMS 0x0000000620400000| PB 0x0000000620400000| Untracked 
| 125|0x0000000620800000, 0x0000000620800000, 0x0000000620c00000|  0%| F|  |TAMS 0x0000000620800000| PB 0x0000000620800000| Untracked 
| 126|0x0000000620c00000, 0x0000000620ef1200, 0x0000000621000000| 73%| E|  |TAMS 0x0000000620c00000| PB 0x0000000620c00000| Complete 
| 127|0x0000000621000000, 0x0000000621400000, 0x0000000621400000|100%| E|CS|TAMS 0x0000000621000000| PB 0x0000000621000000| Complete 

Card table byte_map: [0x00000199a8a40000,0x00000199a9a40000] _byte_map_base: 0x00000199a5a36000

Marking Bits: (CMBitMap*) 0x000001998f8a6b80
 Bits: [0x00000199a9a40000, 0x00000199b19f0000)

Polling page: 0x000001998efd0000

Metaspace:

Usage:
  Non-class:      2.35 MB used.
      Class:    185.16 KB used.
       Both:      2.53 MB used.

Virtual space:
  Non-class space:       64.00 MB reserved,       2.44 MB (  4%) committed,  1 nodes.
      Class space:        1.00 GB reserved,     256.00 KB ( <1%) committed,  1 nodes.
             Both:        1.06 GB reserved,       2.69 MB ( <1%) committed. 

Chunk freelists:
   Non-Class:  11.05 MB
       Class:  15.67 MB
        Both:  26.71 MB

MaxMetaspaceSize: unlimited
CompressedClassSpaceSize: 1.00 GB
Initial GC threshold: 21.00 MB
Current GC threshold: 21.00 MB
CDS: on
 - commit_granule_bytes: 65536.
 - commit_granule_words: 8192.
 - virtual_space_node_default_size: 8388608.
 - enlarge_chunks_in_place: 1.
 - use_allocation_guard: 0.


Internal statistics:

num_allocs_failed_limit: 0.
num_arena_births: 62.
num_arena_deaths: 0.
num_vsnodes_births: 2.
num_vsnodes_deaths: 0.
num_space_committed: 43.
num_space_uncommitted: 0.
num_chunks_returned_to_freelist: 0.
num_chunks_taken_from_freelist: 118.
num_chunk_merges: 0.
num_chunk_splits: 77.
num_chunks_enlarged: 50.
num_inconsistent_stats: 0.

CodeHeap 'non-profiled nmethods': size=119168Kb used=176Kb max_used=176Kb free=118991Kb
 bounds [0x000001999f810000, 0x000001999fa80000, 0x00000199a6c70000]
CodeHeap 'profiled nmethods': size=119104Kb used=946Kb max_used=946Kb free=118157Kb
 bounds [0x0000019997c70000, 0x0000019997ee0000, 0x000001999f0c0000]
CodeHeap 'non-nmethods': size=7488Kb used=2589Kb max_used=2589Kb free=4898Kb
 bounds [0x000001999f0c0000, 0x000001999f350000, 0x000001999f810000]
 total_blobs=1619 nmethods=611 adapters=912
 compilation: enabled
              stopped_count=0, restarted_count=0
 full_count=0

Compilation events (20 events):
Event: 0.219 Thread 0x00000199b5127d20 nmethod 600 0x0000019997d53190 code [0x0000019997d53320, 0x0000019997d53430]
Event: 0.219 Thread 0x00000199b5128ac0 nmethod 599 0x0000019997d53510 code [0x0000019997d536c0, 0x0000019997d53908]
Event: 0.220 Thread 0x00000199b5128ac0  603       3       sun.misc.Unsafe::putInt (11 bytes)
Event: 0.220 Thread 0x00000199b5128ac0 nmethod 603 0x0000019997d53a10 code [0x0000019997d53ba0, 0x0000019997d53cb0]
Event: 0.220 Thread 0x00000199b5128ac0  604       3       org.lwjgl.system.MemoryUtil::encodeASCIIUnsafe (53 bytes)
Event: 0.220 Thread 0x00000199b5128ac0 nmethod 604 0x0000019997d53d90 code [0x0000019997d53f80, 0x0000019997d54380]
Event: 0.220 Thread 0x00000199b5124c10  605       4       java.lang.AbstractStringBuilder::append (45 bytes)
Event: 0.220 Thread 0x00000199b5127d20  606   !   3       java.util.zip.Inflater::needsInput (55 bytes)
Event: 0.220 Thread 0x00000199b5128ac0  607   !   3       java.util.zip.Inflater::inflate (456 bytes)
Event: 0.220 Thread 0x00000199b5127d20 nmethod 606 0x0000019997d54510 code [0x0000019997d546c0, 0x0000019997d54a80]
Event: 0.221 Thread 0x00000199b5128ac0 nmethod 607 0x0000019997d54c10 code [0x0000019997d55000, 0x0000019997d56d70]
Event: 0.224 Thread 0x00000199b5124c10 nmethod 605 0x000001999f83b710 code [0x000001999f83b8e0, 0x000001999f83c018]
Event: 0.226 Thread 0x00000199b5128ac0  608       3       java.lang.StringConcatHelper::initialCoder (14 bytes)
Event: 0.226 Thread 0x00000199b5128ac0 nmethod 608 0x0000019997d57d10 code [0x0000019997d57ea0, 0x0000019997d57fb8]
Event: 0.226 Thread 0x00000199b5127d20  609       3       java.lang.String::concat (15 bytes)
Event: 0.226 Thread 0x00000199b5128ac0  610       3       java.lang.StringConcatHelper::simpleConcat (94 bytes)
Event: 0.227 Thread 0x00000199b5128ac0 nmethod 610 0x0000019997d58010 code [0x0000019997d58360, 0x0000019997d59630]
Event: 0.227 Thread 0x00000199b5128ac0  611       3       java.lang.StringConcatHelper::newString (67 bytes)
Event: 0.227 Thread 0x00000199b5127d20 nmethod 609 0x0000019997d59c90 code [0x0000019997d59fe0, 0x0000019997d5b308]
Event: 0.227 Thread 0x00000199b5128ac0 nmethod 611 0x0000019997d5b990 code [0x0000019997d5bc00, 0x0000019997d5c5d0]

GC Heap History (0 events):
No events

Dll operation events (7 events):
Event: 0.009 Loaded shared library C:\Program Files\Java\jdk-21\bin\java.dll
Event: 0.039 Loaded shared library C:\Program Files\Java\jdk-21\bin\jsvml.dll
Event: 0.067 Loaded shared library C:\Program Files\Java\jdk-21\bin\net.dll
Event: 0.069 Loaded shared library C:\Program Files\Java\jdk-21\bin\nio.dll
Event: 0.072 Loaded shared library C:\Program Files\Java\jdk-21\bin\zip.dll
Event: 0.123 Loaded shared library C:\Program Files\Java\jdk-21\bin\jimage.dll
Event: 0.143 Loaded shared library C:\Users\Guy Oz\AppData\Local\Temp\lwjgl_Guy Oz\3.3.3+5\x64\lwjgl.dll

Deoptimization events (8 events):
Event: 0.093 Thread 0x000001998f83f6d0 Uncommon trap: trap_request=0xffffff45 fr.pc=0x000001999f817ff8 relative=0x00000000000002b8
Event: 0.093 Thread 0x000001998f83f6d0 Uncommon trap: reason=unstable_if action=reinterpret pc=0x000001999f817ff8 method=java.lang.StringLatin1.hashCode([B)I @ 2 c2
Event: 0.093 Thread 0x000001998f83f6d0 DEOPT PACKING pc=0x000001999f817ff8 sp=0x00000005605faf10
Event: 0.093 Thread 0x000001998f83f6d0 DEOPT UNPACKING pc=0x000001999f1146a2 sp=0x00000005605fae48 mode 2
Event: 0.147 Thread 0x000001998f83f6d0 DEOPT PACKING pc=0x0000019997c8e4f8 sp=0x00000005605faaf0
Event: 0.147 Thread 0x000001998f83f6d0 DEOPT UNPACKING pc=0x000001999f114e42 sp=0x00000005605f9f10 mode 0
Event: 0.194 Thread 0x000001998f83f6d0 DEOPT PACKING pc=0x0000019997c7a958 sp=0x00000005605fbb60
Event: 0.194 Thread 0x000001998f83f6d0 DEOPT UNPACKING pc=0x000001999f114e42 sp=0x00000005605fafc8 mode 0

Classes loaded (20 events):
Event: 0.184 Loading class java/nio/DirectDoubleBufferU
Event: 0.184 Loading class java/nio/DirectDoubleBufferU done
Event: 0.184 Loading class sun/misc/Unsafe
Event: 0.184 Loading class sun/misc/Unsafe done
Event: 0.184 Loading class java/lang/invoke/DirectMethodHandle$StaticAccessor
Event: 0.184 Loading class java/lang/invoke/DirectMethodHandle$StaticAccessor done
Event: 0.187 Loading class java/util/function/LongPredicate
Event: 0.187 Loading class java/util/function/LongPredicate done
Event: 0.188 Loading class java/lang/foreign/MemorySegment
Event: 0.188 Loading class java/lang/foreign/MemorySegment done
Event: 0.191 Loading class java/nio/InvalidMarkException
Event: 0.191 Loading class java/nio/InvalidMarkException done
Event: 0.191 Loading class java/nio/BufferUnderflowException
Event: 0.191 Loading class java/nio/BufferUnderflowException done
Event: 0.197 Loading class java/util/Formatter$FixedString
Event: 0.197 Loading class java/util/Formatter$FixedString done
Event: 0.208 Loading class java/lang/NoSuchFieldError
Event: 0.208 Loading class java/lang/NoSuchFieldError done
Event: 0.213 Loading class jdk/internal/reflect/MethodHandleIntegerFieldAccessorImpl
Event: 0.213 Loading class jdk/internal/reflect/MethodHandleIntegerFieldAccessorImpl done

Classes unloaded (0 events):
No events

Classes redefined (0 events):
No events

Internal exceptions (18 events):
Event: 0.114 Thread 0x000001998f83f6d0 Exception <a 'java/lang/NoSuchMethodError'{0x0000000620c50248}: 'void java.lang.invoke.DirectMethodHandle$Holder.invokeStatic(java.lang.Object, java.lang.Object)'> (0x0000000620c50248) 
thrown [s\open\src\hotspot\share\interpreter\linkResolver.cpp, line 773]
Event: 0.115 Thread 0x000001998f83f6d0 Exception <a 'java/lang/NoSuchMethodError'{0x0000000620c557b8}: 'void java.lang.System.load(java.lang.String, java.lang.Class)'> (0x0000000620c557b8) 
thrown [s\open\src\hotspot\share\interpreter\linkResolver.cpp, line 773]
Event: 0.115 Thread 0x000001998f83f6d0 Exception <a 'java/lang/NoSuchMethodError'{0x0000000620c563a8}: 'void java.lang.invoke.DirectMethodHandle$Holder.invokeSpecial(java.lang.Object, java.lang.Object, java.lang.Object)'> (0x0000000620c563a8) 
thrown [s\open\src\hotspot\share\interpreter\linkResolver.cpp, line 773]
Event: 0.117 Thread 0x000001998f83f6d0 Exception <a 'java/lang/NoSuchMethodError'{0x0000000620c687b0}: 'java.lang.Object java.lang.invoke.DirectMethodHandle$Holder.invokeStatic(java.lang.Object, java.lang.Object, int)'> (0x0000000620c687b0) 
thrown [s\open\src\hotspot\share\interpreter\linkResolver.cpp, line 773]
Event: 0.118 Thread 0x000001998f83f6d0 Exception <a 'java/lang/NoSuchMethodError'{0x0000000620c73cb0}: 'void java.lang.invoke.DelegatingMethodHandle$Holder.delegate(java.lang.Object, java.lang.Object, int, java.lang.Object)'> (0x0000000620c73cb0) 
thrown [s\open\src\hotspot\share\interpreter\linkResolver.cpp, line 773]
Event: 0.118 Thread 0x000001998f83f6d0 Exception <a 'java/lang/NoSuchMethodError'{0x0000000620c77b98}: 'int java.lang.invoke.DirectMethodHandle$Holder.invokeSpecial(java.lang.Object, java.lang.Object, java.lang.Object)'> (0x0000000620c77b98) 
thrown [s\open\src\hotspot\share\interpreter\linkResolver.cpp, line 773]
Event: 0.120 Thread 0x000001998f83f6d0 Exception <a 'java/lang/NoSuchMethodError'{0x0000000620c922d0}: 'void java.lang.System.loadLibrary(java.lang.String, java.lang.Class)'> (0x0000000620c922d0) 
thrown [s\open\src\hotspot\share\interpreter\linkResolver.cpp, line 773]
Event: 0.142 Thread 0x000001998f83f6d0 Exception <a 'sun/nio/fs/WindowsException'{0x0000000620ccb1a8}> (0x0000000620ccb1a8) 
thrown [s\open\src\hotspot\share\prims\jni.cpp, line 520]
Event: 0.142 Thread 0x000001998f83f6d0 Exception <a 'sun/nio/fs/WindowsException'{0x0000000620ccb6e8}> (0x0000000620ccb6e8) 
thrown [s\open\src\hotspot\share\prims\jni.cpp, line 520]
Event: 0.187 Thread 0x000001998f83f6d0 Exception <a 'java/lang/NoSuchMethodError'{0x0000000620d69420}: 'int java.lang.invoke.DirectMethodHandle$Holder.invokeStaticInit(java.lang.Object, java.lang.Object, int, long)'> (0x0000000620d69420) 
thrown [s\open\src\hotspot\share\interpreter\linkResolver.cpp, line 773]
Event: 0.188 Thread 0x000001998f83f6d0 Exception <a 'java/lang/NoSuchMethodError'{0x0000000620d6e448}: 'java.lang.Object java.lang.invoke.DirectMethodHandle$Holder.newInvokeSpecial(java.lang.Object, java.lang.Object, int)'> (0x0000000620d6e448) 
thrown [s\open\src\hotspot\share\interpreter\linkResolver.cpp, line 773]
Event: 0.189 Thread 0x000001998f83f6d0 Exception <a 'java/lang/NoSuchMethodError'{0x0000000620d7d9b0}: 'int java.lang.invoke.DirectMethodHandle$Holder.invokeStaticInit(java.lang.Object, java.lang.Object, long, long)'> (0x0000000620d7d9b0) 
thrown [s\open\src\hotspot\share\interpreter\linkResolver.cpp, line 773]
Event: 0.190 Thread 0x000001998f83f6d0 Exception <a 'java/lang/NoSuchMethodError'{0x0000000620d83218}: 'java.lang.Object java.lang.invoke.DirectMethodHandle$Holder.newInvokeSpecial(java.lang.Object, java.lang.Object, long)'> (0x0000000620d83218) 
thrown [s\open\src\hotspot\share\interpreter\linkResolver.cpp, line 773]
Event: 0.190 Thread 0x000001998f83f6d0 Exception <a 'java/lang/NoSuchMethodError'{0x0000000620d86fd0}: 'java.lang.Object java.lang.invoke.Invokers$Holder.linkToTargetMethod(java.lang.Object, long, java.lang.Object)'> (0x0000000620d86fd0) 
thrown [s\open\src\hotspot\share\interpreter\linkResolver.cpp, line 773]
Event: 0.190 Thread 0x000001998f83f6d0 Exception <a 'java/lang/NoSuchMethodError'{0x0000000620d8e090}: 'int java.lang.invoke.DirectMethodHandle$Holder.invokeStaticInit(java.lang.Object, java.lang.Object, java.lang.Object, long)'> (0x0000000620d8e090) 
thrown [s\open\src\hotspot\share\interpreter\linkResolver.cpp, line 773]
Event: 0.207 Thread 0x000001998f83f6d0 Exception <a 'sun/nio/fs/WindowsException'{0x0000000620e3b650}> (0x0000000620e3b650) 
thrown [s\open\src\hotspot\share\prims\jni.cpp, line 520]
Event: 0.207 Thread 0x000001998f83f6d0 Exception <a 'sun/nio/fs/WindowsException'{0x0000000620e3b9c8}> (0x0000000620e3b9c8) 
thrown [s\open\src\hotspot\share\prims\jni.cpp, line 520]
Event: 0.213 Thread 0x000001998f83f6d0 Exception <a 'java/lang/NoSuchMethodError'{0x0000000620e56c48}: 'int java.lang.invoke.Invokers$Holder.invokeExact_MT(java.lang.Object, java.lang.Object)'> (0x0000000620e56c48) 
thrown [s\open\src\hotspot\share\interpreter\linkResolver.cpp, line 773]

ZGC Phase Switch (0 events):
No events

VM Operations (4 events):
Event: 0.072 Executing VM operation: HandshakeAllThreads (Deoptimize)
Event: 0.072 Executing VM operation: HandshakeAllThreads (Deoptimize) done
Event: 0.136 Executing VM operation: HandshakeAllThreads (Deoptimize)
Event: 0.136 Executing VM operation: HandshakeAllThreads (Deoptimize) done

Events (13 events):
Event: 0.027 Thread 0x000001998f83f6d0 Thread added: 0x000001998f83f6d0
Event: 0.037 Thread 0x00000199b50daff0 Thread added: 0x00000199b50daff0
Event: 0.037 Thread 0x00000199b50dc210 Thread added: 0x00000199b50dc210
Event: 0.038 Thread 0x00000199b50dece0 Thread added: 0x00000199b50dece0
Event: 0.038 Thread 0x00000199b50e3ad0 Thread added: 0x00000199b50e3ad0
Event: 0.038 Thread 0x00000199b5106430 Thread added: 0x00000199b5106430
Event: 0.038 Thread 0x00000199b5109f10 Thread added: 0x00000199b5109f10
Event: 0.038 Thread 0x00000199b5124c10 Thread added: 0x00000199b5124c10
Event: 0.038 Thread 0x00000199b5128ac0 Thread added: 0x00000199b5128ac0
Event: 0.043 Thread 0x00000199b5127d20 Thread added: 0x00000199b5127d20
Event: 0.060 Thread 0x00000199b510b2c0 Thread added: 0x00000199b510b2c0
Event: 0.062 Thread 0x00000199b510a5a0 Thread added: 0x00000199b510a5a0
Event: 0.183 Thread 0x00000199b5126f80 Thread added: 0x00000199b5126f80


Dynamic libraries:
0x00007ff645b30000 - 0x00007ff645b40000 	C:\Program Files\Java\jdk-21\bin\java.exe
0x00007fff45f30000 - 0x00007fff46147000 	C:\WINDOWS\SYSTEM32\ntdll.dll
0x00007fff44e70000 - 0x00007fff44f34000 	C:\WINDOWS\System32\KERNEL32.DLL
0x00007fff436a0000 - 0x00007fff43a46000 	C:\WINDOWS\System32\KERNELBASE.dll
0x000000006dbc0000 - 0x000000006def2000 	C:\Program Files\Norton Security\NortonData\22.20.5.39\Definitions\IPSDefs\20240226.064\IPSEng64.dll
0x00007fff45150000 - 0x00007fff45203000 	C:\WINDOWS\System32\ADVAPI32.dll
0x00007fff44510000 - 0x00007fff445b7000 	C:\WINDOWS\System32\msvcrt.dll
0x00007fff44dc0000 - 0x00007fff44e68000 	C:\WINDOWS\System32\sechost.dll
0x00007fff434d0000 - 0x00007fff434f8000 	C:\WINDOWS\System32\bcrypt.dll
0x00007fff44ba0000 - 0x00007fff44cb7000 	C:\WINDOWS\System32\RPCRT4.dll
0x00007fff44f40000 - 0x00007fff44f48000 	C:\WINDOWS\System32\PSAPI.DLL
0x00007fff433b0000 - 0x00007fff434c1000 	C:\WINDOWS\System32\ucrtbase.dll
0x00007fff33560000 - 0x00007fff3357b000 	C:\Program Files\Java\jdk-21\bin\VCRUNTIME140.dll
0x00007fff27da0000 - 0x00007fff27db9000 	C:\Program Files\Java\jdk-21\bin\jli.dll
0x00007fff441b0000 - 0x00007fff4435e000 	C:\WINDOWS\System32\USER32.dll
0x00007fff43270000 - 0x00007fff43296000 	C:\WINDOWS\System32\win32u.dll
0x00007fff440f0000 - 0x00007fff44119000 	C:\WINDOWS\System32\GDI32.dll
0x00007fff35cf0000 - 0x00007fff35f83000 	C:\WINDOWS\WinSxS\amd64_microsoft.windows.common-controls_6595b64144ccf1df_6.0.22621.2506_none_270c5ae97388e100\COMCTL32.dll
0x00007fff43500000 - 0x00007fff43618000 	C:\WINDOWS\System32\gdi32full.dll
0x00007fff43310000 - 0x00007fff433aa000 	C:\WINDOWS\System32\msvcp_win.dll
0x00007fff3b660000 - 0x00007fff3b66a000 	C:\WINDOWS\SYSTEM32\VERSION.dll
0x00007fff450b0000 - 0x00007fff450e1000 	C:\WINDOWS\System32\IMM32.DLL
0x00007fff335c0000 - 0x00007fff335cc000 	C:\Program Files\Java\jdk-21\bin\vcruntime140_1.dll
0x00007fff23f80000 - 0x00007fff2400e000 	C:\Program Files\Java\jdk-21\bin\msvcp140.dll
0x00007ffe98d70000 - 0x00007ffe99a87000 	C:\Program Files\Java\jdk-21\bin\server\jvm.dll
0x00007fff44b10000 - 0x00007fff44b81000 	C:\WINDOWS\System32\WS2_32.dll
0x00007fff42470000 - 0x00007fff424bd000 	C:\WINDOWS\SYSTEM32\POWRPROF.dll
0x00007fff37c80000 - 0x00007fff37cb4000 	C:\WINDOWS\SYSTEM32\WINMM.dll
0x00007fff42320000 - 0x00007fff42333000 	C:\WINDOWS\SYSTEM32\UMPDC.dll
0x00007fff42300000 - 0x00007fff42318000 	C:\WINDOWS\SYSTEM32\kernel.appcore.dll
0x00007fff27d90000 - 0x00007fff27d9a000 	C:\Program Files\Java\jdk-21\bin\jimage.dll
0x00007fff36370000 - 0x00007fff365a3000 	C:\WINDOWS\SYSTEM32\DBGHELP.DLL
0x00007fff445c0000 - 0x00007fff44949000 	C:\WINDOWS\System32\combase.dll
0x00007fff43f10000 - 0x00007fff43fe7000 	C:\WINDOWS\System32\OLEAUT32.dll
0x00007fff1f3d0000 - 0x00007fff1f402000 	C:\WINDOWS\SYSTEM32\dbgcore.DLL
0x00007fff43620000 - 0x00007fff4369a000 	C:\WINDOWS\System32\bcryptPrimitives.dll
0x00007fff23f60000 - 0x00007fff23f7f000 	C:\Program Files\Java\jdk-21\bin\java.dll
0x00007fff45210000 - 0x00007fff45a6b000 	C:\WINDOWS\System32\SHELL32.dll
0x00007fff41180000 - 0x00007fff41a76000 	C:\WINDOWS\SYSTEM32\windows.storage.dll
0x00007fff41040000 - 0x00007fff4117e000 	C:\WINDOWS\SYSTEM32\wintypes.dll
0x00007fff44f50000 - 0x00007fff45043000 	C:\WINDOWS\System32\SHCORE.dll
0x00007fff45050000 - 0x00007fff450ae000 	C:\WINDOWS\System32\shlwapi.dll
0x00007fff431a0000 - 0x00007fff431c6000 	C:\WINDOWS\SYSTEM32\profapi.dll
0x00007fff228f0000 - 0x00007fff229c7000 	C:\Program Files\Java\jdk-21\bin\jsvml.dll
0x00007fff23b80000 - 0x00007fff23b90000 	C:\Program Files\Java\jdk-21\bin\net.dll
0x00007fff3d490000 - 0x00007fff3d5c7000 	C:\WINDOWS\SYSTEM32\WINHTTP.dll
0x00007fff42800000 - 0x00007fff42869000 	C:\WINDOWS\system32\mswsock.dll
0x00007fff23970000 - 0x00007fff23986000 	C:\Program Files\Java\jdk-21\bin\nio.dll
0x00007fff23b90000 - 0x00007fff23ba8000 	C:\Program Files\Java\jdk-21\bin\zip.dll
0x00007fff0b260000 - 0x00007fff0b2db000 	C:\Users\Guy Oz\AppData\Local\Temp\lwjgl_Guy Oz\3.3.3+5\x64\lwjgl.dll
0x00007fff0b160000 - 0x00007fff0b1e2000 	C:\Users\GUYOZ~1\AppData\Local\Temp\lwjgl_Guy Oz\3.3.3+5\x64\glfw.dll
0x00007fff0efc0000 - 0x00007fff0f006000 	C:\WINDOWS\SYSTEM32\dinput8.dll
0x00007ffecd970000 - 0x00007ffecd981000 	C:\WINDOWS\SYSTEM32\xinput1_4.dll
0x00007fff42f60000 - 0x00007fff42fae000 	C:\WINDOWS\SYSTEM32\cfgmgr32.dll
0x00007fff42f30000 - 0x00007fff42f5c000 	C:\WINDOWS\SYSTEM32\DEVOBJ.dll
0x00007fff40a00000 - 0x00007fff40a2b000 	C:\WINDOWS\SYSTEM32\dwmapi.dll
0x00007fff38860000 - 0x00007fff38a6a000 	C:\WINDOWS\SYSTEM32\inputhost.dll
0x00007fff402f0000 - 0x00007fff40424000 	C:\WINDOWS\SYSTEM32\CoreMessaging.dll
0x00007fff40760000 - 0x00007fff4080b000 	C:\WINDOWS\system32\uxtheme.dll
0x00007fff443b0000 - 0x00007fff44501000 	C:\WINDOWS\System32\MSCTF.dll
0x00007fff42a90000 - 0x00007fff42a9c000 	C:\WINDOWS\SYSTEM32\CRYPTBASE.DLL

dbghelp: loaded successfully - version: 4.0.5 - missing functions: none
symbol engine: initialized successfully - sym options: 0x614 - pdb path: .;C:\Program Files\Java\jdk-21\bin;C:\WINDOWS\SYSTEM32;C:\Program Files\Norton Security\NortonData\22.20.5.39\Definitions\IPSDefs\20240226.064;C:\WINDOWS\WinSxS\amd64_microsoft.windows.common-controls_6595b64144ccf1df_6.0.22621.2506_none_270c5ae97388e100;C:\Program Files\Java\jdk-21\bin\server;C:\Users\Guy Oz\AppData\Local\Temp\lwjgl_Guy Oz\3.3.3+5\x64;C:\Users\GUYOZ~1\AppData\Local\Temp\lwjgl_Guy Oz\3.3.3+5\x64

VM Arguments:
jvm_args: -Dfile.encoding=windows-1252 -Duser.country=US -Duser.language=en -Duser.variant 
java_command: com.project.Main
java_class_path (initial): C:\Users\Guy Oz\IdeaProjects\Engine\build\classes\java\main;C:\Users\Guy Oz\IdeaProjects\Engine\build\resources\main;C:\Users\Guy Oz\.gradle\caches\modules-2\files-2.1\org.lwjgl\lwjgl-assimp\3.3.3\c2c34011cbda30ed8cf98bc5cbf97b49afe5279a\lwjgl-assimp-3.3.3.jar;C:\Users\Guy Oz\.gradle\caches\modules-2\files-2.1\org.lwjgl\lwjgl-assimp\3.3.3\d90ccdade594716062975cffd1431d387f770ac4\lwjgl-assimp-3.3.3-natives-windows.jar;C:\Users\Guy Oz\.gradle\caches\modules-2\files-2.1\org.lwjgl\lwjgl-glfw\3.3.3\efa1eb78c5ccd840e9f329717109b5e892d72f8e\lwjgl-glfw-3.3.3.jar;C:\Users\Guy Oz\.gradle\caches\modules-2\files-2.1\org.lwjgl\lwjgl-glfw\3.3.3\e449e28b4891fc423c54c85fbc5bb0b9efece67a\lwjgl-glfw-3.3.3-natives-windows.jar;C:\Users\Guy Oz\.gradle\caches\modules-2\files-2.1\org.lwjgl\lwjgl-nfd\3.3.3\f1b41d3a0a2f5cd2a55a6a59a618c87d0348681c\lwjgl-nfd-3.3.3.jar;C:\Users\Guy Oz\.gradle\caches\modules-2\files-2.1\org.lwjgl\lwjgl-nfd\3.3.3\3a39132eef695dcb7631adc1d02e493527940d10\lwjgl-nfd-3.3.3-natives-windows.jar;C:\Users\Guy Oz\.gradle\caches\modules-2\files-2.1\org.lwjgl\lwjgl-openal\3.3.3\daada81ceb5fc0c291fbfdd4433cb8d9423577f2\lwjgl-openal-3.3.3.jar;C:\Users\Guy Oz\.gradle\caches\modules-2\files-2.1\org.lwjgl\lwjgl-openal\3.3.3\cf83862ae95d98496b26915024c7e666d8ab1c8f\lwjgl-openal-3.3.3-natives-windows.jar;C:\Users\Guy Oz\.gradle\caches\modules-2\files-2.1\org.lwjgl\lwjgl-opengl\3.3.3\2f6b0147078396a58979125a4c947664e98293a\lwjgl-opengl-3.3.3.jar;C:\Users\Guy Oz\.gradle\caches\modules-2\files-2.1\org.lwjgl\lwjgl-opengl\3.3.3\e6c1eec8be8a71951b830a4d69efc01c6531900c\lwjgl-opengl-3.3.3-natives-windows.jar;C:\Users\Guy Oz\.gradle\caches\modules-2\files-2.1\org.lwjgl\lwjgl-stb\3.3.3\25dd6161988d7e65f71d5065c99902402ee32746\lwjgl-stb-3.3.3.jar;C:\Users\Guy Oz\.gradle\caches\modules-2\files-2.1\org.lwjgl\lwjgl-stb\3.3.3\1d9facdf6541de114b0f963be33505b7679c78cb\lwjgl-stb-3.3.3-natives-windows.jar;C:\Users\Guy Oz\.gradle\caches\modules-2\files-2.1\org.lwjgl\lwjgl\3.3.3\29589b5f87ed335a6c7e7ee6a5775f81f97ecb84\lwjgl-3.3.3.jar;C:\Users\Guy Oz\.gradle\caches\modules-2\files-2.1\org.lwjgl\lwjgl\3.3.3\a5ed18a2b82fc91b81f40d717cb1f64c9dcb0540\lwjgl-3.3.3-natives-windows.jar;C:\Users\Guy Oz\.gradle\caches\modules-2\files-2.1\org.joml\joml\1.10.5\22566d58af70ad3d72308bab63b8339906deb649\joml-1.10.5.jar
Launcher Type: SUN_STANDARD

[Global flags]
     intx CICompilerCount                          = 12                                        {product} {ergonomic}
     uint ConcGCThreads                            = 5                                         {product} {ergonomic}
     uint G1ConcRefinementThreads                  = 18                                        {product} {ergonomic}
   size_t G1HeapRegionSize                         = 4194304                                   {product} {ergonomic}
    uintx GCDrainStackTargetSize                   = 64                                        {product} {ergonomic}
   size_t InitialHeapSize                          = 536870912                                 {product} {ergonomic}
   size_t MarkStackSize                            = 4194304                                   {product} {ergonomic}
   size_t MaxHeapSize                              = 8568963072                                {product} {ergonomic}
   size_t MaxNewSize                               = 5138022400                                {product} {ergonomic}
   size_t MinHeapDeltaBytes                        = 4194304                                   {product} {ergonomic}
   size_t MinHeapSize                              = 8388608                                   {product} {ergonomic}
    uintx NonNMethodCodeHeapSize                   = 7602480                                {pd product} {ergonomic}
    uintx NonProfiledCodeHeapSize                  = 122027880                              {pd product} {ergonomic}
    uintx ProfiledCodeHeapSize                     = 122027880                              {pd product} {ergonomic}
    uintx ReservedCodeCacheSize                    = 251658240                              {pd product} {ergonomic}
     bool SegmentedCodeCache                       = true                                      {product} {ergonomic}
   size_t SoftMaxHeapSize                          = 8568963072                             {manageable} {ergonomic}
     bool UseCompressedOops                        = true                           {product lp64_product} {ergonomic}
     bool UseG1GC                                  = true                                      {product} {ergonomic}
     bool UseLargePagesIndividualAllocation        = false                                  {pd product} {ergonomic}

Logging:
Log output configuration:
 #0: stdout all=warning uptime,level,tags foldmultilines=false
 #1: stderr all=off uptime,level,tags foldmultilines=false

Environment Variables:
JAVA_HOME=C:\Program Files\Java\jdk-17.0.3.1
PATH=C:\Program Files\Common Files\Oracle\Java\javapath;C:\Python27\;C:\Program Files (x86)\Razer Chroma SDK\bin;C:\Program Files\Razer Chroma SDK\bin;C:\Program Files (x86)\Razer\ChromaBroadcast\bin;C:\Program Files\Razer\ChromaBroadcast\bin;C:\WINDOWS\system32;C:\WINDOWS;C:\WINDOWS\System32\Wbem;C:\WINDOWS\System32\WindowsPowerShell\v1.0\;C:\WINDOWS\System32\OpenSSH\;C:\Program Files\NVIDIA Corporation\NVIDIA NvDLISR;C:\Program Files\Microsoft SQL Server\130\Tools\Binn\;C:\Users\Guy Oz\AppData\Local\Microsoft\WindowsApps;C:\Users\Guy Oz\.dotnet\tools;C:\Users\Guy Oz\AppData\Local\Programs\Microsoft VS Code\bin;C:\WINDOWS\system32\config\systemprofile\AppData\Local\Microsoft\WindowsApps;C:\Program Files (x86)\NVIDIA Corporation\PhysX\Common;C:\WINDOWS\system32;C:\WINDOWS;C:\WINDOWS\System32\Wbem;C:\WINDOWS\System32\WindowsPowerShell\v1.0\;C:\WINDOWS\System32\OpenSSH\;C:\Program Files\Microsoft SQL Server\150\Tools\Binn\;C:\Program Files (x86)\dotnet\;C:\Program Files\dotnet\;C:\Program Files\apache-maven-3.8.6\bin;C:\Program Files\nodejs\;C:\Users\Guy Oz\AppData\Local\Android\Sdk\platform-tools\adb.exe;C:\Program Files\Docker\Docker\resources\bin;C:\Program Files\Git\cmd;C:\Users\Guy Oz\AppData\Local\Programs\Python\Python312\Scripts\;C:\Users\Guy Oz\AppData\Local\Programs\Python\Python312\;C:\Users\Guy Oz\AppData\Local\Programs\Python\Launcher\;C:\Users\Guy Oz\AppData\Local\Microsoft\WindowsApps;C:\Users\Guy Oz\.dotnet\tools;C:\Users\Guy Oz\AppData\Local\Programs\Microsoft VS Code\bin;C:\Users\Guy Oz\AppData\Roaming\npm;C:\Users\Guy Oz\AppData\Local\Android\Sdk\platform-tools\adb.exe;C:\Program Files\Python311;;C:\Program Files\JetBrains\IntelliJ IDEA Community Edition 2023.3.4\bin;;C:\Program Files\JetBrains\IntelliJ IDEA 2023.3.4\bin;
USERNAME=Guy Oz
OS=Windows_NT
PROCESSOR_IDENTIFIER=AMD64 Family 23 Model 113 Stepping 0, AuthenticAMD
TMP=C:\Users\GUYOZ~1\AppData\Local\Temp
TEMP=C:\Users\GUYOZ~1\AppData\Local\Temp




Periodic native trim disabled

---------------  S Y S T E M  ---------------

OS:
 Windows 11 , 64 bit Build 22621 (10.0.22621.3085)
OS uptime: 0 days 3:50 hours
Hyper-V role detected

CPU: total 24 (initial active 24) (24 cores per cpu, 2 threads per core) family 23 model 113 stepping 0 microcode 0x0, cx8, cmov, fxsr, ht, mmx, 3dnowpref, sse, sse2, sse3, ssse3, sse4a, sse4.1, sse4.2, popcnt, lzcnt, tsc, tscinvbit, avx, avx2, aes, clmul, bmi1, bmi2, adx, sha, fma, vzeroupper, clflush, clflushopt, hv, rdtscp, rdpid, f16c
Processor Information for all 24 processors :
  Max Mhz: 4223, Current Mhz: 4223, Mhz Limit: 4223

Memory: 4k page, system-wide physical 32679M (19275M free)
TotalPageFile size 37543M (AvailPageFile size 20463M)
current process WorkingSet (physical memory assigned to process): 53M, peak: 53M
current process commit charge ("private bytes"): 630M, peak: 630M

vm_info: Java HotSpot(TM) 64-Bit Server VM (21.0.2+13-LTS-58) for windows-amd64 JRE (21.0.2+13-LTS-58), built on 2024-01-05T18:32:24Z by "mach5one" with MS VC++ 17.1 (VS2022)

END.
