#
# A fatal error has been detected by the Java Runtime Environment:
#
#  EXCEPTION_ACCESS_VIOLATION (0xc0000005) at pc=0x00007fff0b161265, pid=4696, tid=16988
#
# JRE version: Java(TM) SE Runtime Environment (21.0.2+13) (build 21.0.2+13-LTS-58)
# Java VM: Java HotSpot(TM) 64-Bit Server VM (21.0.2+13-LTS-58, mixed mode, sharing, tiered, compressed oops, compressed class ptrs, g1 gc, windows-amd64)
# Problematic frame:
# C  [glfw.dll+0x1265]
#
# No core dump will be written. Minidumps are not enabled by default on client versions of Windows
#
# If you would like to submit a bug report, please visit:
#   https://bugreport.java.com/bugreport/crash.jsp
# The crash happened outside the Java Virtual Machine in native code.
# See problematic frame for where to report the bug.
#

---------------  S U M M A R Y ------------

Command Line: -Dfile.encoding=windows-1252 -Duser.country=US -Duser.language=en -Duser.variant com.project.Main

Host: AMD Ryzen 9 3900XT 12-Core Processor           , 24 cores, 31G,  Windows 11 , 64 bit Build 22621 (10.0.22621.3085)
Time: Tue Feb 27 09:44:48 2024 Jerusalem Standard Time elapsed time: 0.224334 seconds (0d 0h 0m 0s)

---------------  T H R E A D  ---------------

Current thread (0x00000212eba25160):  JavaThread "main"             [_thread_in_native, id=16988, stack(0x000000f2a4800000,0x000000f2a4900000) (1024K)]

Stack: [0x000000f2a4800000,0x000000f2a4900000],  sp=0x000000f2a48fe9d0,  free space=1018k
Native frames: (J=compiled Java code, j=interpreted, Vv=VM code, C=native code)
C  [glfw.dll+0x1265]

Java frames: (J=compiled Java code, j=interpreted, Vv=VM code)
j  org.lwjgl.system.JNI.invokePPPP(IIJJJJ)J+0
j  org.lwjgl.glfw.GLFW.nglfwCreateWindow(IIJJJ)J+14
j  org.lwjgl.glfw.GLFW.glfwCreateWindow(IILjava/lang/CharSequence;JJ)J+34
j  com.project.Window.initialize()V+56
j  com.project.Window.run()V+1
j  com.project.Main.main([Ljava/lang/String;)V+17
v  ~StubRoutines::call_stub 0x000002128745100d

siginfo: EXCEPTION_ACCESS_VIOLATION (0xc0000005), reading address 0x000000000006020d


Registers:
RAX=0x0000000000060005, RBX=0x00000212d94b6e00, RCX=0x000000f2a48fea20, RDX=0x0000000000030001
RSP=0x000000f2a48fe9d0, RBP=0x000000f2a48feb00, RSI=0x000000000000012c, RDI=0x000000000000012c
R8 =0x0000000000036001, R9 =0x0000000000060005, R10=0x0000000000060005, R11=0x0000000620e92888
R12=0x0000000000000000, R13=0x00000212d94b6e00, R14=0x0000000000060005, R15=0x00000212eba25160
RIP=0x00007fff0b161265, EFLAGS=0x0000000000010202


Register to memory mapping:

RAX=0x0000000000060005 is an unknown value
RBX={method} {0x00000212d94b6e08} 'invokePPPP' '(IIJJJJ)J' in 'org/lwjgl/system/JNI'
RCX=0x000000f2a48fea20 is pointing into the stack for thread: 0x00000212eba25160
RDX=0x0000000000030001 is an unknown value
RSP=0x000000f2a48fe9d0 is pointing into the stack for thread: 0x00000212eba25160
RBP=0x000000f2a48feb00 is pointing into the stack for thread: 0x00000212eba25160
RSI=0x000000000000012c is an unknown value
RDI=0x000000000000012c is an unknown value
R8 =0x0000000000036001 is an unknown value
R9 =0x0000000000060005 is an unknown value
R10=0x0000000000060005 is an unknown value
R11=0x0000000620e92888 is an oop: java.lang.Class 
{0x0000000620e92888} - klass: 'java/lang/Class'
 - ---- fields (total size 14 words):
 - private volatile transient 'classRedefinedCount' 'I' @12  0 (0x00000000)
 - injected 'klass' 'J' @16  2278882897392 (0x0000021298016df0)
 - injected 'array_klass' 'J' @24  0 (0x0000000000000000)
 - injected 'oop_size' 'I' @32  14 (0x0000000e)
 - injected 'static_oop_field_count' 'I' @36  0 (0x00000000)
 - private volatile transient 'cachedConstructor' 'Ljava/lang/reflect/Constructor;' @40  null (0x00000000)
 - private transient 'name' 'Ljava/lang/String;' @44  "org.lwjgl.system.JNI"{0x0000000620e928f8} (0xc41d251f)
 - private transient 'module' 'Ljava/lang/Module;' @48  a 'java/lang/Module'{0x0000000621068a68} (0xc420d14d)
 - private final 'classLoader' 'Ljava/lang/ClassLoader;' @52  a 'jdk/internal/loader/ClassLoaders$AppClassLoader'{0x00000006210688a8} (0xc420d115)
 - private transient 'classData' 'Ljava/lang/Object;' @56  null (0x00000000)
 - private transient 'packageName' 'Ljava/lang/String;' @60  "org.lwjgl.system"{0x000000062137f498} (0xc426fe93)
 - private final 'componentType' 'Ljava/lang/Class;' @64  null (0x00000000)
 - private volatile transient 'reflectionData' 'Ljava/lang/ref/SoftReference;' @68  null (0x00000000)
 - private volatile transient 'genericInfo' 'Lsun/reflect/generics/repository/ClassRepository;' @72  null (0x00000000)
 - private volatile transient 'enumConstants' '[Ljava/lang/Object;' @76  null (0x00000000)
 - private volatile transient 'enumConstantDirectory' 'Ljava/util/Map;' @80  null (0x00000000)
 - private volatile transient 'annotationData' 'Ljava/lang/Class$AnnotationData;' @84  null (0x00000000)
 - private volatile transient 'annotationType' 'Lsun/reflect/annotation/AnnotationType;' @88  null (0x00000000)
 - transient 'classValueMap' 'Ljava/lang/ClassValue$ClassValueMap;' @92  null (0x00000000)
 - injected 'protection_domain' 'Ljava/lang/Object;' @96  a 'java/security/ProtectionDomain'{0x0000000621382b88} (0xc4270571)
 - injected 'signers_name' 'Ljava/lang/Object;' @100  null (0x00000000)
 - injected 'source_file' 'Ljava/lang/Object;' @104  null (0x00000000)
 - signature: Lorg/lwjgl/system/JNI;
 - ---- static fields (0):
R12=0x0 is null
R13={method} {0x00000212d94b6e08} 'invokePPPP' '(IIJJJJ)J' in 'org/lwjgl/system/JNI'
R14=0x0000000000060005 is an unknown value
R15=0x00000212eba25160 is a thread

Top of Stack: (sp=0x000000f2a48fe9d0)
0x000000f2a48fe9d0:   ffffffff00000004 ffffffffffffffff
0x000000f2a48fe9e0:   0000000000000040 00007ffe9967afc8
0x000000f2a48fe9f0:   0000000000000000 00007fff0b166df5
0x000000f2a48fea00:   0000000000000000 00007ffe9967afc8
0x000000f2a48fea10:   0000000000000000 00007ffe9914353d
0x000000f2a48fea20:   0003600100030001 0000000000000001
0x000000f2a48fea30:   0000000000000000 0000000000000000
0x000000f2a48fea40:   0000000000000000 0000000000060005
0x000000f2a48fea50:   0000000000000000 00007ffe9967afc8
0x000000f2a48fea60:   8000000080000000 0000012c0000012c
0x000000f2a48fea70:   00000212d874f970 0000000000000001
0x000000f2a48fea80:   0000000100000001 0000000000000001
0x000000f2a48fea90:   0000000100000000 0000000000000001
0x000000f2a48feaa0:   0000000100000000 0000000000000000
0x000000f2a48feab0:   0000000000000000 0000000000000000
0x000000f2a48feac0:   0000000000000000 0000000000000000
0x000000f2a48fead0:   0000000000000000 0000000000000000
0x000000f2a48feae0:   0000000000000000 0000000000000000
0x000000f2a48feaf0:   0000000000000000 0000000000000000
0x000000f2a48feb00:   0000000000000000 0000000000000000
0x000000f2a48feb10:   0000000000000000 0000000000000000
0x000000f2a48feb20:   0000000000000000 0000000000000000
0x000000f2a48feb30:   0000000000000000 0000000000000000
0x000000f2a48feb40:   0000000000000000 0000000000000000
0x000000f2a48feb50:   0000000000000000 0000000000000000
0x000000f2a48feb60:   0000000000000000 0000000000000000
0x000000f2a48feb70:   0000000000000000 0000000000000000
0x000000f2a48feb80:   0000000000000000 0000000000000000
0x000000f2a48feb90:   0000000000000000 0000000000000000
0x000000f2a48feba0:   0000000000000000 0000000000000000
0x000000f2a48febb0:   0000000000000000 0000000000000000
0x000000f2a48febc0:   0000000000000000 0000000000000000 

Instructions: (pc=0x00007fff0b161265)
0x00007fff0b161165:   49 24 83 f9 ff 74 08 2b 4a fc 0f af c9 03 c1 83
0x00007fff0b161175:   fb ff 74 08 2b 5a 08 0f af db 03 c3 41 83 79 34
0x00007fff0b161185:   00 74 08 83 7a 0c 00 75 02 ff c0 41 3b f6 73 06
0x00007fff0b161195:   48 8d 6a d8 eb 1d 75 12 45 3b c7 72 07 75 0b 41
0x00007fff0b1611a5:   3b c4 73 06 48 8d 6a d8 eb 09 48 8d 4a d8 48 3b
0x00007fff0b1611b5:   cd 75 09 44 8b f6 45 8b f8 44 8b e0 b8 01 00 00
0x00007fff0b1611c5:   00 48 83 c2 48 49 83 ed 01 0f 85 7c fe ff ff 4c
0x00007fff0b1611d5:   8b 6c 24 40 48 8b 7c 24 38 48 8b 74 24 30 48 8b
0x00007fff0b1611e5:   5c 24 28 48 8b c5 41 5f 41 5e 41 5c 5d c3 cc cc
0x00007fff0b1611f5:   cc cc cc cc cc cc cc cc cc cc cc 48 83 ec 28 44
0x00007fff0b161205:   8b 41 04 41 8d 80 ff 9f fc ff 83 f8 02 76 18 48
0x00007fff0b161215:   8d 15 55 f4 02 00 b9 03 00 01 00 e8 7b 0c 00 00
0x00007fff0b161225:   33 c0 48 83 c4 28 c3 8b 11 85 d2 74 26 8d 82 ff
0x00007fff0b161235:   ff fc ff 83 f8 01 76 1b 44 8b c2 b9 03 00 01 00
0x00007fff0b161245:   48 8d 15 4c f4 02 00 e8 4f 0c 00 00 33 c0 48 83
0x00007fff0b161255:   c4 28 c3 48 8b 41 28 48 85 c0 74 41 85 d2 74 2a
0x00007fff0b161265:   83 b8 08 02 00 00 00 74 21 44 3b 80 0c 02 00 00
0x00007fff0b161275:   74 2b 48 8d 15 3a f4 02 00 b9 03 00 01 00 e8 18
0x00007fff0b161285:   0c 00 00 33 c0 48 83 c4 28 c3 33 d2 b9 0a 00 01
0x00007fff0b161295:   00 e8 05 0c 00 00 33 c0 48 83 c4 28 c3 81 fa 01
0x00007fff0b1612a5:   00 03 00 0f 85 e3 00 00 00 44 8b 41 08 41 83 f8
0x00007fff0b1612b5:   01 0f 8c b9 00 00 00 8b 51 0c 85 d2 0f 88 ae 00
0x00007fff0b1612c5:   00 00 41 83 f8 01 75 09 83 fa 05 0f 8f 9f 00 00
0x00007fff0b1612d5:   00 41 83 f8 02 75 09 83 fa 01 0f 8f 90 00 00 00
0x00007fff0b1612e5:   41 83 f8 03 75 09 41 3b d0 0f 8f 81 00 00 00 44
0x00007fff0b1612f5:   8b 49 1c 45 85 c9 74 50 41 8d 81 ff df fc ff 83
0x00007fff0b161305:   f8 01 76 1b 45 8b c1 48 8d 15 fd f3 02 00 b9 03
0x00007fff0b161315:   00 01 00 e8 83 0b 00 00 33 c0 48 83 c4 28 c3 41
0x00007fff0b161325:   83 f8 02 7e 0b 41 83 f8 03 75 1d 83 fa 02 7d 18
0x00007fff0b161335:   48 8d 15 f4 f3 02 00 b9 04 00 01 00 e8 5a 0b 00
0x00007fff0b161345:   00 33 c0 48 83 c4 28 c3 83 79 10 00 0f 84 84 00
0x00007fff0b161355:   00 00 41 83 f8 02 7f 7e 48 8d 15 1c f4 02 00 b9 


Stack slot to memory mapping:

stack at sp + 0 slots: 0xffffffff00000004 is an unknown value
stack at sp + 1 slots: 0xffffffffffffffff is an unknown value
stack at sp + 2 slots: 0x0000000000000040 is an unknown value
stack at sp + 3 slots: 0x00007ffe9967afc8 jvm.dll
stack at sp + 4 slots: 0x0 is null
stack at sp + 5 slots: 0x00007fff0b166df5 glfw.dll
stack at sp + 6 slots: 0x0 is null
stack at sp + 7 slots: 0x00007ffe9967afc8 jvm.dll


---------------  P R O C E S S  ---------------

Threads class SMR info:
_java_thread_list=0x00000212d864da80, length=13, elements={
0x00000212eba25160, 0x00000212d809b0d0, 0x00000212d809c1a0, 0x00000212d809e930,
0x00000212d809f650, 0x00000212d80a0370, 0x00000212d809fce0, 0x00000212d80b14c0,
0x00000212d80bfdf0, 0x00000212d80bf720, 0x00000212d80a0a00, 0x00000212d80a1090,
0x00000212d80c04c0
}

Java Threads: ( => current thread )
=>0x00000212eba25160 JavaThread "main"                              [_thread_in_native, id=16988, stack(0x000000f2a4800000,0x000000f2a4900000) (1024K)]
  0x00000212d809b0d0 JavaThread "Reference Handler"          daemon [_thread_blocked, id=6160, stack(0x000000f2a5000000,0x000000f2a5100000) (1024K)]
  0x00000212d809c1a0 JavaThread "Finalizer"                  daemon [_thread_blocked, id=11136, stack(0x000000f2a5100000,0x000000f2a5200000) (1024K)]
  0x00000212d809e930 JavaThread "Signal Dispatcher"          daemon [_thread_blocked, id=6412, stack(0x000000f2a5200000,0x000000f2a5300000) (1024K)]
  0x00000212d809f650 JavaThread "Attach Listener"            daemon [_thread_blocked, id=14036, stack(0x000000f2a5300000,0x000000f2a5400000) (1024K)]
  0x00000212d80a0370 JavaThread "Service Thread"             daemon [_thread_blocked, id=25476, stack(0x000000f2a5400000,0x000000f2a5500000) (1024K)]
  0x00000212d809fce0 JavaThread "Monitor Deflation Thread"   daemon [_thread_blocked, id=1212, stack(0x000000f2a5500000,0x000000f2a5600000) (1024K)]
  0x00000212d80b14c0 JavaThread "C2 CompilerThread0"         daemon [_thread_blocked, id=27736, stack(0x000000f2a5600000,0x000000f2a5700000) (1024K)]
  0x00000212d80bfdf0 JavaThread "C1 CompilerThread0"         daemon [_thread_blocked, id=7504, stack(0x000000f2a5700000,0x000000f2a5800000) (1024K)]
  0x00000212d80bf720 JavaThread "C1 CompilerThread1"         daemon [_thread_blocked, id=15372, stack(0x000000f2a5800000,0x000000f2a5900000) (1024K)]
  0x00000212d80a0a00 JavaThread "Notification Thread"        daemon [_thread_blocked, id=18876, stack(0x000000f2a5900000,0x000000f2a5a00000) (1024K)]
  0x00000212d80a1090 JavaThread "Common-Cleaner"             daemon [_thread_blocked, id=28148, stack(0x000000f2a5a00000,0x000000f2a5b00000) (1024K)]
  0x00000212d80c04c0 JavaThread "C2 CompilerThread1"         daemon [_thread_blocked, id=9384, stack(0x000000f2a5b00000,0x000000f2a5c00000) (1024K)]
Total: 13

Other Threads:
  0x00000212f937b400 VMThread "VM Thread"                           [id=15400, stack(0x000000f2a4f00000,0x000000f2a5000000) (1024K)]
  0x00000212d8080090 WatcherThread "VM Periodic Task Thread"        [id=5168, stack(0x000000f2a4e00000,0x000000f2a4f00000) (1024K)]
  0x00000212edeb37a0 WorkerThread "GC Thread#0"                     [id=15484, stack(0x000000f2a4900000,0x000000f2a4a00000) (1024K)]
  0x00000212edec49d0 ConcurrentGCThread "G1 Main Marker"            [id=3024, stack(0x000000f2a4a00000,0x000000f2a4b00000) (1024K)]
  0x00000212edec54d0 WorkerThread "G1 Conc#0"                       [id=8372, stack(0x000000f2a4b00000,0x000000f2a4c00000) (1024K)]
  0x00000212f92a4430 ConcurrentGCThread "G1 Refine#0"               [id=15248, stack(0x000000f2a4c00000,0x000000f2a4d00000) (1024K)]
  0x00000212f92a4fa0 ConcurrentGCThread "G1 Service"                [id=460, stack(0x000000f2a4d00000,0x000000f2a4e00000) (1024K)]
Total: 7

Threads with active compile tasks:
Total: 0

VM state: not at safepoint (normal execution)

VM Mutex/Monitor currently owned by a thread: None

Heap address: 0x0000000601400000, size: 8172 MB, Compressed Oops mode: Zero based, Oop shift amount: 3

CDS archive(s) mapped at: [0x0000021297000000-0x0000021297c90000-0x0000021297c90000), size 13172736, SharedBaseAddress: 0x0000021297000000, ArchiveRelocationMode: 1.
Compressed class space mapped at: 0x0000021298000000-0x00000212d8000000, reserved size: 1073741824
Narrow klass base: 0x0000021297000000, Narrow klass shift: 0, Narrow klass range: 0x100000000

GC Precious Log:
 CardTable entry size: 512
 Card Set container configuration: InlinePtr #cards 4 size 8 Array Of Cards #cards 32 size 80 Howl #buckets 8 coarsen threshold 7372 Howl Bitmap #cards 1024 size 144 coarsen threshold 921 Card regions per heap region 1 cards per card region 8192
 CPUs: 24 total, 24 available
 Memory: 32679M
 Large Page Support: Disabled
 NUMA Support: Disabled
 Compressed Oops: Enabled (Zero based)
 Heap Region Size: 4M
 Heap Min Capacity: 8M
 Heap Initial Capacity: 512M
 Heap Max Capacity: 8172M
 Pre-touch: Disabled
 Parallel Workers: 18
 Concurrent Workers: 5
 Concurrent Refinement Workers: 18
 Periodic GC: Disabled

Heap:
 garbage-first heap   total 524288K, used 4096K [0x0000000601400000, 0x0000000800000000)
  region size 4096K, 2 young (8192K), 0 survivors (0K)
 Metaspace       used 2597K, committed 2752K, reserved 1114112K
  class space    used 185K, committed 256K, reserved 1048576K

Heap Regions: E=young(eden), S=young(survivor), O=old, HS=humongous(starts), HC=humongous(continues), CS=collection set, F=free, TAMS=top-at-mark-start, PB=parsable bottom
|   0|0x0000000601400000, 0x0000000601400000, 0x0000000601800000|  0%| F|  |TAMS 0x0000000601400000| PB 0x0000000601400000| Untracked 
|   1|0x0000000601800000, 0x0000000601800000, 0x0000000601c00000|  0%| F|  |TAMS 0x0000000601800000| PB 0x0000000601800000| Untracked 
|   2|0x0000000601c00000, 0x0000000601c00000, 0x0000000602000000|  0%| F|  |TAMS 0x0000000601c00000| PB 0x0000000601c00000| Untracked 
|   3|0x0000000602000000, 0x0000000602000000, 0x0000000602400000|  0%| F|  |TAMS 0x0000000602000000| PB 0x0000000602000000| Untracked 
|   4|0x0000000602400000, 0x0000000602400000, 0x0000000602800000|  0%| F|  |TAMS 0x0000000602400000| PB 0x0000000602400000| Untracked 
|   5|0x0000000602800000, 0x0000000602800000, 0x0000000602c00000|  0%| F|  |TAMS 0x0000000602800000| PB 0x0000000602800000| Untracked 
|   6|0x0000000602c00000, 0x0000000602c00000, 0x0000000603000000|  0%| F|  |TAMS 0x0000000602c00000| PB 0x0000000602c00000| Untracked 
|   7|0x0000000603000000, 0x0000000603000000, 0x0000000603400000|  0%| F|  |TAMS 0x0000000603000000| PB 0x0000000603000000| Untracked 
|   8|0x0000000603400000, 0x0000000603400000, 0x0000000603800000|  0%| F|  |TAMS 0x0000000603400000| PB 0x0000000603400000| Untracked 
|   9|0x0000000603800000, 0x0000000603800000, 0x0000000603c00000|  0%| F|  |TAMS 0x0000000603800000| PB 0x0000000603800000| Untracked 
|  10|0x0000000603c00000, 0x0000000603c00000, 0x0000000604000000|  0%| F|  |TAMS 0x0000000603c00000| PB 0x0000000603c00000| Untracked 
|  11|0x0000000604000000, 0x0000000604000000, 0x0000000604400000|  0%| F|  |TAMS 0x0000000604000000| PB 0x0000000604000000| Untracked 
|  12|0x0000000604400000, 0x0000000604400000, 0x0000000604800000|  0%| F|  |TAMS 0x0000000604400000| PB 0x0000000604400000| Untracked 
|  13|0x0000000604800000, 0x0000000604800000, 0x0000000604c00000|  0%| F|  |TAMS 0x0000000604800000| PB 0x0000000604800000| Untracked 
|  14|0x0000000604c00000, 0x0000000604c00000, 0x0000000605000000|  0%| F|  |TAMS 0x0000000604c00000| PB 0x0000000604c00000| Untracked 
|  15|0x0000000605000000, 0x0000000605000000, 0x0000000605400000|  0%| F|  |TAMS 0x0000000605000000| PB 0x0000000605000000| Untracked 
|  16|0x0000000605400000, 0x0000000605400000, 0x0000000605800000|  0%| F|  |TAMS 0x0000000605400000| PB 0x0000000605400000| Untracked 
|  17|0x0000000605800000, 0x0000000605800000, 0x0000000605c00000|  0%| F|  |TAMS 0x0000000605800000| PB 0x0000000605800000| Untracked 
|  18|0x0000000605c00000, 0x0000000605c00000, 0x0000000606000000|  0%| F|  |TAMS 0x0000000605c00000| PB 0x0000000605c00000| Untracked 
|  19|0x0000000606000000, 0x0000000606000000, 0x0000000606400000|  0%| F|  |TAMS 0x0000000606000000| PB 0x0000000606000000| Untracked 
|  20|0x0000000606400000, 0x0000000606400000, 0x0000000606800000|  0%| F|  |TAMS 0x0000000606400000| PB 0x0000000606400000| Untracked 
|  21|0x0000000606800000, 0x0000000606800000, 0x0000000606c00000|  0%| F|  |TAMS 0x0000000606800000| PB 0x0000000606800000| Untracked 
|  22|0x0000000606c00000, 0x0000000606c00000, 0x0000000607000000|  0%| F|  |TAMS 0x0000000606c00000| PB 0x0000000606c00000| Untracked 
|  23|0x0000000607000000, 0x0000000607000000, 0x0000000607400000|  0%| F|  |TAMS 0x0000000607000000| PB 0x0000000607000000| Untracked 
|  24|0x0000000607400000, 0x0000000607400000, 0x0000000607800000|  0%| F|  |TAMS 0x0000000607400000| PB 0x0000000607400000| Untracked 
|  25|0x0000000607800000, 0x0000000607800000, 0x0000000607c00000|  0%| F|  |TAMS 0x0000000607800000| PB 0x0000000607800000| Untracked 
|  26|0x0000000607c00000, 0x0000000607c00000, 0x0000000608000000|  0%| F|  |TAMS 0x0000000607c00000| PB 0x0000000607c00000| Untracked 
|  27|0x0000000608000000, 0x0000000608000000, 0x0000000608400000|  0%| F|  |TAMS 0x0000000608000000| PB 0x0000000608000000| Untracked 
|  28|0x0000000608400000, 0x0000000608400000, 0x0000000608800000|  0%| F|  |TAMS 0x0000000608400000| PB 0x0000000608400000| Untracked 
|  29|0x0000000608800000, 0x0000000608800000, 0x0000000608c00000|  0%| F|  |TAMS 0x0000000608800000| PB 0x0000000608800000| Untracked 
|  30|0x0000000608c00000, 0x0000000608c00000, 0x0000000609000000|  0%| F|  |TAMS 0x0000000608c00000| PB 0x0000000608c00000| Untracked 
|  31|0x0000000609000000, 0x0000000609000000, 0x0000000609400000|  0%| F|  |TAMS 0x0000000609000000| PB 0x0000000609000000| Untracked 
|  32|0x0000000609400000, 0x0000000609400000, 0x0000000609800000|  0%| F|  |TAMS 0x0000000609400000| PB 0x0000000609400000| Untracked 
|  33|0x0000000609800000, 0x0000000609800000, 0x0000000609c00000|  0%| F|  |TAMS 0x0000000609800000| PB 0x0000000609800000| Untracked 
|  34|0x0000000609c00000, 0x0000000609c00000, 0x000000060a000000|  0%| F|  |TAMS 0x0000000609c00000| PB 0x0000000609c00000| Untracked 
|  35|0x000000060a000000, 0x000000060a000000, 0x000000060a400000|  0%| F|  |TAMS 0x000000060a000000| PB 0x000000060a000000| Untracked 
|  36|0x000000060a400000, 0x000000060a400000, 0x000000060a800000|  0%| F|  |TAMS 0x000000060a400000| PB 0x000000060a400000| Untracked 
|  37|0x000000060a800000, 0x000000060a800000, 0x000000060ac00000|  0%| F|  |TAMS 0x000000060a800000| PB 0x000000060a800000| Untracked 
|  38|0x000000060ac00000, 0x000000060ac00000, 0x000000060b000000|  0%| F|  |TAMS 0x000000060ac00000| PB 0x000000060ac00000| Untracked 
|  39|0x000000060b000000, 0x000000060b000000, 0x000000060b400000|  0%| F|  |TAMS 0x000000060b000000| PB 0x000000060b000000| Untracked 
|  40|0x000000060b400000, 0x000000060b400000, 0x000000060b800000|  0%| F|  |TAMS 0x000000060b400000| PB 0x000000060b400000| Untracked 
|  41|0x000000060b800000, 0x000000060b800000, 0x000000060bc00000|  0%| F|  |TAMS 0x000000060b800000| PB 0x000000060b800000| Untracked 
|  42|0x000000060bc00000, 0x000000060bc00000, 0x000000060c000000|  0%| F|  |TAMS 0x000000060bc00000| PB 0x000000060bc00000| Untracked 
|  43|0x000000060c000000, 0x000000060c000000, 0x000000060c400000|  0%| F|  |TAMS 0x000000060c000000| PB 0x000000060c000000| Untracked 
|  44|0x000000060c400000, 0x000000060c400000, 0x000000060c800000|  0%| F|  |TAMS 0x000000060c400000| PB 0x000000060c400000| Untracked 
|  45|0x000000060c800000, 0x000000060c800000, 0x000000060cc00000|  0%| F|  |TAMS 0x000000060c800000| PB 0x000000060c800000| Untracked 
|  46|0x000000060cc00000, 0x000000060cc00000, 0x000000060d000000|  0%| F|  |TAMS 0x000000060cc00000| PB 0x000000060cc00000| Untracked 
|  47|0x000000060d000000, 0x000000060d000000, 0x000000060d400000|  0%| F|  |TAMS 0x000000060d000000| PB 0x000000060d000000| Untracked 
|  48|0x000000060d400000, 0x000000060d400000, 0x000000060d800000|  0%| F|  |TAMS 0x000000060d400000| PB 0x000000060d400000| Untracked 
|  49|0x000000060d800000, 0x000000060d800000, 0x000000060dc00000|  0%| F|  |TAMS 0x000000060d800000| PB 0x000000060d800000| Untracked 
|  50|0x000000060dc00000, 0x000000060dc00000, 0x000000060e000000|  0%| F|  |TAMS 0x000000060dc00000| PB 0x000000060dc00000| Untracked 
|  51|0x000000060e000000, 0x000000060e000000, 0x000000060e400000|  0%| F|  |TAMS 0x000000060e000000| PB 0x000000060e000000| Untracked 
|  52|0x000000060e400000, 0x000000060e400000, 0x000000060e800000|  0%| F|  |TAMS 0x000000060e400000| PB 0x000000060e400000| Untracked 
|  53|0x000000060e800000, 0x000000060e800000, 0x000000060ec00000|  0%| F|  |TAMS 0x000000060e800000| PB 0x000000060e800000| Untracked 
|  54|0x000000060ec00000, 0x000000060ec00000, 0x000000060f000000|  0%| F|  |TAMS 0x000000060ec00000| PB 0x000000060ec00000| Untracked 
|  55|0x000000060f000000, 0x000000060f000000, 0x000000060f400000|  0%| F|  |TAMS 0x000000060f000000| PB 0x000000060f000000| Untracked 
|  56|0x000000060f400000, 0x000000060f400000, 0x000000060f800000|  0%| F|  |TAMS 0x000000060f400000| PB 0x000000060f400000| Untracked 
|  57|0x000000060f800000, 0x000000060f800000, 0x000000060fc00000|  0%| F|  |TAMS 0x000000060f800000| PB 0x000000060f800000| Untracked 
|  58|0x000000060fc00000, 0x000000060fc00000, 0x0000000610000000|  0%| F|  |TAMS 0x000000060fc00000| PB 0x000000060fc00000| Untracked 
|  59|0x0000000610000000, 0x0000000610000000, 0x0000000610400000|  0%| F|  |TAMS 0x0000000610000000| PB 0x0000000610000000| Untracked 
|  60|0x0000000610400000, 0x0000000610400000, 0x0000000610800000|  0%| F|  |TAMS 0x0000000610400000| PB 0x0000000610400000| Untracked 
|  61|0x0000000610800000, 0x0000000610800000, 0x0000000610c00000|  0%| F|  |TAMS 0x0000000610800000| PB 0x0000000610800000| Untracked 
|  62|0x0000000610c00000, 0x0000000610c00000, 0x0000000611000000|  0%| F|  |TAMS 0x0000000610c00000| PB 0x0000000610c00000| Untracked 
|  63|0x0000000611000000, 0x0000000611000000, 0x0000000611400000|  0%| F|  |TAMS 0x0000000611000000| PB 0x0000000611000000| Untracked 
|  64|0x0000000611400000, 0x0000000611400000, 0x0000000611800000|  0%| F|  |TAMS 0x0000000611400000| PB 0x0000000611400000| Untracked 
|  65|0x0000000611800000, 0x0000000611800000, 0x0000000611c00000|  0%| F|  |TAMS 0x0000000611800000| PB 0x0000000611800000| Untracked 
|  66|0x0000000611c00000, 0x0000000611c00000, 0x0000000612000000|  0%| F|  |TAMS 0x0000000611c00000| PB 0x0000000611c00000| Untracked 
|  67|0x0000000612000000, 0x0000000612000000, 0x0000000612400000|  0%| F|  |TAMS 0x0000000612000000| PB 0x0000000612000000| Untracked 
|  68|0x0000000612400000, 0x0000000612400000, 0x0000000612800000|  0%| F|  |TAMS 0x0000000612400000| PB 0x0000000612400000| Untracked 
|  69|0x0000000612800000, 0x0000000612800000, 0x0000000612c00000|  0%| F|  |TAMS 0x0000000612800000| PB 0x0000000612800000| Untracked 
|  70|0x0000000612c00000, 0x0000000612c00000, 0x0000000613000000|  0%| F|  |TAMS 0x0000000612c00000| PB 0x0000000612c00000| Untracked 
|  71|0x0000000613000000, 0x0000000613000000, 0x0000000613400000|  0%| F|  |TAMS 0x0000000613000000| PB 0x0000000613000000| Untracked 
|  72|0x0000000613400000, 0x0000000613400000, 0x0000000613800000|  0%| F|  |TAMS 0x0000000613400000| PB 0x0000000613400000| Untracked 
|  73|0x0000000613800000, 0x0000000613800000, 0x0000000613c00000|  0%| F|  |TAMS 0x0000000613800000| PB 0x0000000613800000| Untracked 
|  74|0x0000000613c00000, 0x0000000613c00000, 0x0000000614000000|  0%| F|  |TAMS 0x0000000613c00000| PB 0x0000000613c00000| Untracked 
|  75|0x0000000614000000, 0x0000000614000000, 0x0000000614400000|  0%| F|  |TAMS 0x0000000614000000| PB 0x0000000614000000| Untracked 
|  76|0x0000000614400000, 0x0000000614400000, 0x0000000614800000|  0%| F|  |TAMS 0x0000000614400000| PB 0x0000000614400000| Untracked 
|  77|0x0000000614800000, 0x0000000614800000, 0x0000000614c00000|  0%| F|  |TAMS 0x0000000614800000| PB 0x0000000614800000| Untracked 
|  78|0x0000000614c00000, 0x0000000614c00000, 0x0000000615000000|  0%| F|  |TAMS 0x0000000614c00000| PB 0x0000000614c00000| Untracked 
|  79|0x0000000615000000, 0x0000000615000000, 0x0000000615400000|  0%| F|  |TAMS 0x0000000615000000| PB 0x0000000615000000| Untracked 
|  80|0x0000000615400000, 0x0000000615400000, 0x0000000615800000|  0%| F|  |TAMS 0x0000000615400000| PB 0x0000000615400000| Untracked 
|  81|0x0000000615800000, 0x0000000615800000, 0x0000000615c00000|  0%| F|  |TAMS 0x0000000615800000| PB 0x0000000615800000| Untracked 
|  82|0x0000000615c00000, 0x0000000615c00000, 0x0000000616000000|  0%| F|  |TAMS 0x0000000615c00000| PB 0x0000000615c00000| Untracked 
|  83|0x0000000616000000, 0x0000000616000000, 0x0000000616400000|  0%| F|  |TAMS 0x0000000616000000| PB 0x0000000616000000| Untracked 
|  84|0x0000000616400000, 0x0000000616400000, 0x0000000616800000|  0%| F|  |TAMS 0x0000000616400000| PB 0x0000000616400000| Untracked 
|  85|0x0000000616800000, 0x0000000616800000, 0x0000000616c00000|  0%| F|  |TAMS 0x0000000616800000| PB 0x0000000616800000| Untracked 
|  86|0x0000000616c00000, 0x0000000616c00000, 0x0000000617000000|  0%| F|  |TAMS 0x0000000616c00000| PB 0x0000000616c00000| Untracked 
|  87|0x0000000617000000, 0x0000000617000000, 0x0000000617400000|  0%| F|  |TAMS 0x0000000617000000| PB 0x0000000617000000| Untracked 
|  88|0x0000000617400000, 0x0000000617400000, 0x0000000617800000|  0%| F|  |TAMS 0x0000000617400000| PB 0x0000000617400000| Untracked 
|  89|0x0000000617800000, 0x0000000617800000, 0x0000000617c00000|  0%| F|  |TAMS 0x0000000617800000| PB 0x0000000617800000| Untracked 
|  90|0x0000000617c00000, 0x0000000617c00000, 0x0000000618000000|  0%| F|  |TAMS 0x0000000617c00000| PB 0x0000000617c00000| Untracked 
|  91|0x0000000618000000, 0x0000000618000000, 0x0000000618400000|  0%| F|  |TAMS 0x0000000618000000| PB 0x0000000618000000| Untracked 
|  92|0x0000000618400000, 0x0000000618400000, 0x0000000618800000|  0%| F|  |TAMS 0x0000000618400000| PB 0x0000000618400000| Untracked 
|  93|0x0000000618800000, 0x0000000618800000, 0x0000000618c00000|  0%| F|  |TAMS 0x0000000618800000| PB 0x0000000618800000| Untracked 
|  94|0x0000000618c00000, 0x0000000618c00000, 0x0000000619000000|  0%| F|  |TAMS 0x0000000618c00000| PB 0x0000000618c00000| Untracked 
|  95|0x0000000619000000, 0x0000000619000000, 0x0000000619400000|  0%| F|  |TAMS 0x0000000619000000| PB 0x0000000619000000| Untracked 
|  96|0x0000000619400000, 0x0000000619400000, 0x0000000619800000|  0%| F|  |TAMS 0x0000000619400000| PB 0x0000000619400000| Untracked 
|  97|0x0000000619800000, 0x0000000619800000, 0x0000000619c00000|  0%| F|  |TAMS 0x0000000619800000| PB 0x0000000619800000| Untracked 
|  98|0x0000000619c00000, 0x0000000619c00000, 0x000000061a000000|  0%| F|  |TAMS 0x0000000619c00000| PB 0x0000000619c00000| Untracked 
|  99|0x000000061a000000, 0x000000061a000000, 0x000000061a400000|  0%| F|  |TAMS 0x000000061a000000| PB 0x000000061a000000| Untracked 
| 100|0x000000061a400000, 0x000000061a400000, 0x000000061a800000|  0%| F|  |TAMS 0x000000061a400000| PB 0x000000061a400000| Untracked 
| 101|0x000000061a800000, 0x000000061a800000, 0x000000061ac00000|  0%| F|  |TAMS 0x000000061a800000| PB 0x000000061a800000| Untracked 
| 102|0x000000061ac00000, 0x000000061ac00000, 0x000000061b000000|  0%| F|  |TAMS 0x000000061ac00000| PB 0x000000061ac00000| Untracked 
| 103|0x000000061b000000, 0x000000061b000000, 0x000000061b400000|  0%| F|  |TAMS 0x000000061b000000| PB 0x000000061b000000| Untracked 
| 104|0x000000061b400000, 0x000000061b400000, 0x000000061b800000|  0%| F|  |TAMS 0x000000061b400000| PB 0x000000061b400000| Untracked 
| 105|0x000000061b800000, 0x000000061b800000, 0x000000061bc00000|  0%| F|  |TAMS 0x000000061b800000| PB 0x000000061b800000| Untracked 
| 106|0x000000061bc00000, 0x000000061bc00000, 0x000000061c000000|  0%| F|  |TAMS 0x000000061bc00000| PB 0x000000061bc00000| Untracked 
| 107|0x000000061c000000, 0x000000061c000000, 0x000000061c400000|  0%| F|  |TAMS 0x000000061c000000| PB 0x000000061c000000| Untracked 
| 108|0x000000061c400000, 0x000000061c400000, 0x000000061c800000|  0%| F|  |TAMS 0x000000061c400000| PB 0x000000061c400000| Untracked 
| 109|0x000000061c800000, 0x000000061c800000, 0x000000061cc00000|  0%| F|  |TAMS 0x000000061c800000| PB 0x000000061c800000| Untracked 
| 110|0x000000061cc00000, 0x000000061cc00000, 0x000000061d000000|  0%| F|  |TAMS 0x000000061cc00000| PB 0x000000061cc00000| Untracked 
| 111|0x000000061d000000, 0x000000061d000000, 0x000000061d400000|  0%| F|  |TAMS 0x000000061d000000| PB 0x000000061d000000| Untracked 
| 112|0x000000061d400000, 0x000000061d400000, 0x000000061d800000|  0%| F|  |TAMS 0x000000061d400000| PB 0x000000061d400000| Untracked 
| 113|0x000000061d800000, 0x000000061d800000, 0x000000061dc00000|  0%| F|  |TAMS 0x000000061d800000| PB 0x000000061d800000| Untracked 
| 114|0x000000061dc00000, 0x000000061dc00000, 0x000000061e000000|  0%| F|  |TAMS 0x000000061dc00000| PB 0x000000061dc00000| Untracked 
| 115|0x000000061e000000, 0x000000061e000000, 0x000000061e400000|  0%| F|  |TAMS 0x000000061e000000| PB 0x000000061e000000| Untracked 
| 116|0x000000061e400000, 0x000000061e400000, 0x000000061e800000|  0%| F|  |TAMS 0x000000061e400000| PB 0x000000061e400000| Untracked 
| 117|0x000000061e800000, 0x000000061e800000, 0x000000061ec00000|  0%| F|  |TAMS 0x000000061e800000| PB 0x000000061e800000| Untracked 
| 118|0x000000061ec00000, 0x000000061ec00000, 0x000000061f000000|  0%| F|  |TAMS 0x000000061ec00000| PB 0x000000061ec00000| Untracked 
| 119|0x000000061f000000, 0x000000061f000000, 0x000000061f400000|  0%| F|  |TAMS 0x000000061f000000| PB 0x000000061f000000| Untracked 
| 120|0x000000061f400000, 0x000000061f400000, 0x000000061f800000|  0%| F|  |TAMS 0x000000061f400000| PB 0x000000061f400000| Untracked 
| 121|0x000000061f800000, 0x000000061f800000, 0x000000061fc00000|  0%| F|  |TAMS 0x000000061f800000| PB 0x000000061f800000| Untracked 
| 122|0x000000061fc00000, 0x000000061fc00000, 0x0000000620000000|  0%| F|  |TAMS 0x000000061fc00000| PB 0x000000061fc00000| Untracked 
| 123|0x0000000620000000, 0x0000000620000000, 0x0000000620400000|  0%| F|  |TAMS 0x0000000620000000| PB 0x0000000620000000| Untracked 
| 124|0x0000000620400000, 0x0000000620400000, 0x0000000620800000|  0%| F|  |TAMS 0x0000000620400000| PB 0x0000000620400000| Untracked 
| 125|0x0000000620800000, 0x0000000620800000, 0x0000000620c00000|  0%| F|  |TAMS 0x0000000620800000| PB 0x0000000620800000| Untracked 
| 126|0x0000000620c00000, 0x0000000620eabdf0, 0x0000000621000000| 66%| E|  |TAMS 0x0000000620c00000| PB 0x0000000620c00000| Complete 
| 127|0x0000000621000000, 0x0000000621400000, 0x0000000621400000|100%| E|CS|TAMS 0x0000000621000000| PB 0x0000000621000000| Complete 

Card table byte_map: [0x00000212f8070000,0x00000212f9070000] _byte_map_base: 0x00000212f5066000

Marking Bits: (CMBitMap*) 0x00000212edeb3ea0
 Bits: [0x000002128f000000, 0x0000021296fb0000)

Polling page: 0x00000212ebdb0000

Metaspace:

Usage:
  Non-class:      2.36 MB used.
      Class:    185.16 KB used.
       Both:      2.54 MB used.

Virtual space:
  Non-class space:       64.00 MB reserved,       2.44 MB (  4%) committed,  1 nodes.
      Class space:        1.00 GB reserved,     256.00 KB ( <1%) committed,  1 nodes.
             Both:        1.06 GB reserved,       2.69 MB ( <1%) committed. 

Chunk freelists:
   Non-Class:  11.05 MB
       Class:  15.67 MB
        Both:  26.71 MB

MaxMetaspaceSize: unlimited
CompressedClassSpaceSize: 1.00 GB
Initial GC threshold: 21.00 MB
Current GC threshold: 21.00 MB
CDS: on
 - commit_granule_bytes: 65536.
 - commit_granule_words: 8192.
 - virtual_space_node_default_size: 8388608.
 - enlarge_chunks_in_place: 1.
 - use_allocation_guard: 0.


Internal statistics:

num_allocs_failed_limit: 0.
num_arena_births: 62.
num_arena_deaths: 0.
num_vsnodes_births: 2.
num_vsnodes_deaths: 0.
num_space_committed: 43.
num_space_uncommitted: 0.
num_chunks_returned_to_freelist: 0.
num_chunks_taken_from_freelist: 118.
num_chunk_merges: 0.
num_chunk_splits: 77.
num_chunks_enlarged: 50.
num_inconsistent_stats: 0.

CodeHeap 'non-profiled nmethods': size=119168Kb used=177Kb max_used=177Kb free=118990Kb
 bounds [0x0000021287ba0000, 0x0000021287e10000, 0x000002128f000000]
CodeHeap 'profiled nmethods': size=119104Kb used=956Kb max_used=956Kb free=118147Kb
 bounds [0x0000021280000000, 0x0000021280270000, 0x0000021287450000]
CodeHeap 'non-nmethods': size=7488Kb used=2589Kb max_used=2589Kb free=4898Kb
 bounds [0x0000021287450000, 0x00000212876e0000, 0x0000021287ba0000]
 total_blobs=1619 nmethods=611 adapters=912
 compilation: enabled
              stopped_count=0, restarted_count=0
 full_count=0

Compilation events (20 events):
Event: 0.203 Thread 0x00000212d80bf720 nmethod 600 0x00000212800e5910 code [0x00000212800e5aa0, 0x00000212800e5bb0]
Event: 0.203 Thread 0x00000212d80bfdf0 nmethod 599 0x00000212800e5c90 code [0x00000212800e5e40, 0x00000212800e6088]
Event: 0.203 Thread 0x00000212d80bfdf0  603       3       sun.misc.Unsafe::putInt (11 bytes)
Event: 0.203 Thread 0x00000212d80bfdf0 nmethod 603 0x00000212800e6190 code [0x00000212800e6320, 0x00000212800e6430]
Event: 0.203 Thread 0x00000212d80bfdf0  604       3       org.lwjgl.system.MemoryUtil::encodeASCIIUnsafe (53 bytes)
Event: 0.204 Thread 0x00000212d80bfdf0 nmethod 604 0x00000212800e6510 code [0x00000212800e6700, 0x00000212800e6b00]
Event: 0.204 Thread 0x00000212d80b14c0  605       4       java.lang.AbstractStringBuilder::append (45 bytes)
Event: 0.204 Thread 0x00000212d80bf720  606   !   3       java.util.zip.Inflater::needsInput (55 bytes)
Event: 0.204 Thread 0x00000212d80bfdf0  607   !   3       java.util.zip.Inflater::inflate (456 bytes)
Event: 0.204 Thread 0x00000212d80bf720 nmethod 606 0x00000212800e6c90 code [0x00000212800e6e40, 0x00000212800e7200]
Event: 0.205 Thread 0x00000212d80bfdf0 nmethod 607 0x00000212800e7390 code [0x00000212800e7780, 0x00000212800e94f0]
Event: 0.207 Thread 0x00000212d80b14c0 nmethod 605 0x0000021287bcb990 code [0x0000021287bcbb60, 0x0000021287bcc298]
Event: 0.209 Thread 0x00000212d80bfdf0  608       3       java.lang.StringConcatHelper::initialCoder (14 bytes)
Event: 0.210 Thread 0x00000212d80bfdf0 nmethod 608 0x00000212800ea490 code [0x00000212800ea620, 0x00000212800ea738]
Event: 0.210 Thread 0x00000212d80bfdf0  609       3       java.lang.String::concat (15 bytes)
Event: 0.210 Thread 0x00000212d80bf720  610       3       java.lang.StringConcatHelper::simpleConcat (94 bytes)
Event: 0.210 Thread 0x00000212d80bf720 nmethod 610 0x00000212800ea790 code [0x00000212800eaae0, 0x00000212800ebdb0]
Event: 0.210 Thread 0x00000212d80bfdf0 nmethod 609 0x00000212800ec410 code [0x00000212800ec760, 0x00000212800eda88]
Event: 0.210 Thread 0x00000212d80bf720  611       3       java.lang.StringConcatHelper::newString (67 bytes)
Event: 0.211 Thread 0x00000212d80bf720 nmethod 611 0x00000212800ee110 code [0x00000212800ee380, 0x00000212800eed50]

GC Heap History (0 events):
No events

Dll operation events (7 events):
Event: 0.006 Loaded shared library C:\Program Files\Java\jdk-21\bin\java.dll
Event: 0.032 Loaded shared library C:\Program Files\Java\jdk-21\bin\jsvml.dll
Event: 0.059 Loaded shared library C:\Program Files\Java\jdk-21\bin\net.dll
Event: 0.061 Loaded shared library C:\Program Files\Java\jdk-21\bin\nio.dll
Event: 0.064 Loaded shared library C:\Program Files\Java\jdk-21\bin\zip.dll
Event: 0.108 Loaded shared library C:\Program Files\Java\jdk-21\bin\jimage.dll
Event: 0.127 Loaded shared library C:\Users\Guy Oz\AppData\Local\Temp\lwjgl_Guy Oz\3.3.3+5\x64\lwjgl.dll

Deoptimization events (10 events):
Event: 0.085 Thread 0x00000212eba25160 Uncommon trap: trap_request=0xffffff45 fr.pc=0x0000021287ba7b78 relative=0x00000000000002b8
Event: 0.085 Thread 0x00000212eba25160 Uncommon trap: reason=unstable_if action=reinterpret pc=0x0000021287ba7b78 method=java.lang.StringLatin1.hashCode([B)I @ 2 c2
Event: 0.085 Thread 0x00000212eba25160 DEOPT PACKING pc=0x0000021287ba7b78 sp=0x000000f2a48fad30
Event: 0.085 Thread 0x00000212eba25160 DEOPT UNPACKING pc=0x00000212874a46a2 sp=0x000000f2a48fac68 mode 2
Event: 0.131 Thread 0x00000212eba25160 DEOPT PACKING pc=0x000002128001e778 sp=0x000000f2a48fa910
Event: 0.131 Thread 0x00000212eba25160 DEOPT UNPACKING pc=0x00000212874a4e42 sp=0x000000f2a48f9d30 mode 0
Event: 0.165 Thread 0x00000212eba25160 DEOPT PACKING pc=0x000002128009eb10 sp=0x000000f2a48fb480
Event: 0.165 Thread 0x00000212eba25160 DEOPT UNPACKING pc=0x00000212874a4e42 sp=0x000000f2a48fa918 mode 0
Event: 0.178 Thread 0x00000212eba25160 DEOPT PACKING pc=0x000002128000a958 sp=0x000000f2a48fb980
Event: 0.178 Thread 0x00000212eba25160 DEOPT UNPACKING pc=0x00000212874a4e42 sp=0x000000f2a48fade8 mode 0

Classes loaded (20 events):
Event: 0.167 Loading class java/nio/DirectDoubleBufferU
Event: 0.167 Loading class java/nio/DirectDoubleBufferU done
Event: 0.167 Loading class sun/misc/Unsafe
Event: 0.167 Loading class sun/misc/Unsafe done
Event: 0.168 Loading class java/lang/invoke/DirectMethodHandle$StaticAccessor
Event: 0.168 Loading class java/lang/invoke/DirectMethodHandle$StaticAccessor done
Event: 0.170 Loading class java/util/function/LongPredicate
Event: 0.170 Loading class java/util/function/LongPredicate done
Event: 0.171 Loading class java/lang/foreign/MemorySegment
Event: 0.171 Loading class java/lang/foreign/MemorySegment done
Event: 0.174 Loading class java/nio/InvalidMarkException
Event: 0.174 Loading class java/nio/InvalidMarkException done
Event: 0.175 Loading class java/nio/BufferUnderflowException
Event: 0.175 Loading class java/nio/BufferUnderflowException done
Event: 0.181 Loading class java/util/Formatter$FixedString
Event: 0.181 Loading class java/util/Formatter$FixedString done
Event: 0.192 Loading class java/lang/NoSuchFieldError
Event: 0.192 Loading class java/lang/NoSuchFieldError done
Event: 0.196 Loading class jdk/internal/reflect/MethodHandleIntegerFieldAccessorImpl
Event: 0.196 Loading class jdk/internal/reflect/MethodHandleIntegerFieldAccessorImpl done

Classes unloaded (0 events):
No events

Classes redefined (0 events):
No events

Internal exceptions (18 events):
Event: 0.099 Thread 0x00000212eba25160 Exception <a 'java/lang/NoSuchMethodError'{0x0000000620c53f20}: 'void java.lang.invoke.DirectMethodHandle$Holder.invokeStatic(java.lang.Object, java.lang.Object)'> (0x0000000620c53f20) 
thrown [s\open\src\hotspot\share\interpreter\linkResolver.cpp, line 773]
Event: 0.100 Thread 0x00000212eba25160 Exception <a 'java/lang/NoSuchMethodError'{0x0000000620c59490}: 'void java.lang.System.load(java.lang.String, java.lang.Class)'> (0x0000000620c59490) 
thrown [s\open\src\hotspot\share\interpreter\linkResolver.cpp, line 773]
Event: 0.100 Thread 0x00000212eba25160 Exception <a 'java/lang/NoSuchMethodError'{0x0000000620c5a080}: 'void java.lang.invoke.DirectMethodHandle$Holder.invokeSpecial(java.lang.Object, java.lang.Object, java.lang.Object)'> (0x0000000620c5a080) 
thrown [s\open\src\hotspot\share\interpreter\linkResolver.cpp, line 773]
Event: 0.102 Thread 0x00000212eba25160 Exception <a 'java/lang/NoSuchMethodError'{0x0000000620c6c488}: 'java.lang.Object java.lang.invoke.DirectMethodHandle$Holder.invokeStatic(java.lang.Object, java.lang.Object, int)'> (0x0000000620c6c488) 
thrown [s\open\src\hotspot\share\interpreter\linkResolver.cpp, line 773]
Event: 0.103 Thread 0x00000212eba25160 Exception <a 'java/lang/NoSuchMethodError'{0x0000000620c77988}: 'void java.lang.invoke.DelegatingMethodHandle$Holder.delegate(java.lang.Object, java.lang.Object, int, java.lang.Object)'> (0x0000000620c77988) 
thrown [s\open\src\hotspot\share\interpreter\linkResolver.cpp, line 773]
Event: 0.103 Thread 0x00000212eba25160 Exception <a 'java/lang/NoSuchMethodError'{0x0000000620c7b870}: 'int java.lang.invoke.DirectMethodHandle$Holder.invokeSpecial(java.lang.Object, java.lang.Object, java.lang.Object)'> (0x0000000620c7b870) 
thrown [s\open\src\hotspot\share\interpreter\linkResolver.cpp, line 773]
Event: 0.106 Thread 0x00000212eba25160 Exception <a 'java/lang/NoSuchMethodError'{0x0000000620c95f98}: 'void java.lang.System.loadLibrary(java.lang.String, java.lang.Class)'> (0x0000000620c95f98) 
thrown [s\open\src\hotspot\share\interpreter\linkResolver.cpp, line 773]
Event: 0.125 Thread 0x00000212eba25160 Exception <a 'sun/nio/fs/WindowsException'{0x0000000620ccee70}> (0x0000000620ccee70) 
thrown [s\open\src\hotspot\share\prims\jni.cpp, line 520]
Event: 0.125 Thread 0x00000212eba25160 Exception <a 'sun/nio/fs/WindowsException'{0x0000000620ccf3b0}> (0x0000000620ccf3b0) 
thrown [s\open\src\hotspot\share\prims\jni.cpp, line 520]
Event: 0.170 Thread 0x00000212eba25160 Exception <a 'java/lang/NoSuchMethodError'{0x0000000620d6cfc8}: 'int java.lang.invoke.DirectMethodHandle$Holder.invokeStaticInit(java.lang.Object, java.lang.Object, int, long)'> (0x0000000620d6cfc8) 
thrown [s\open\src\hotspot\share\interpreter\linkResolver.cpp, line 773]
Event: 0.171 Thread 0x00000212eba25160 Exception <a 'java/lang/NoSuchMethodError'{0x0000000620d71ff0}: 'java.lang.Object java.lang.invoke.DirectMethodHandle$Holder.newInvokeSpecial(java.lang.Object, java.lang.Object, int)'> (0x0000000620d71ff0) 
thrown [s\open\src\hotspot\share\interpreter\linkResolver.cpp, line 773]
Event: 0.173 Thread 0x00000212eba25160 Exception <a 'java/lang/NoSuchMethodError'{0x0000000620d82020}: 'int java.lang.invoke.DirectMethodHandle$Holder.invokeStaticInit(java.lang.Object, java.lang.Object, long, long)'> (0x0000000620d82020) 
thrown [s\open\src\hotspot\share\interpreter\linkResolver.cpp, line 773]
Event: 0.173 Thread 0x00000212eba25160 Exception <a 'java/lang/NoSuchMethodError'{0x0000000620d87888}: 'java.lang.Object java.lang.invoke.DirectMethodHandle$Holder.newInvokeSpecial(java.lang.Object, java.lang.Object, long)'> (0x0000000620d87888) 
thrown [s\open\src\hotspot\share\interpreter\linkResolver.cpp, line 773]
Event: 0.173 Thread 0x00000212eba25160 Exception <a 'java/lang/NoSuchMethodError'{0x0000000620d8b640}: 'java.lang.Object java.lang.invoke.Invokers$Holder.linkToTargetMethod(java.lang.Object, long, java.lang.Object)'> (0x0000000620d8b640) 
thrown [s\open\src\hotspot\share\interpreter\linkResolver.cpp, line 773]
Event: 0.174 Thread 0x00000212eba25160 Exception <a 'java/lang/NoSuchMethodError'{0x0000000620d92700}: 'int java.lang.invoke.DirectMethodHandle$Holder.invokeStaticInit(java.lang.Object, java.lang.Object, java.lang.Object, long)'> (0x0000000620d92700) 
thrown [s\open\src\hotspot\share\interpreter\linkResolver.cpp, line 773]
Event: 0.191 Thread 0x00000212eba25160 Exception <a 'sun/nio/fs/WindowsException'{0x0000000620e3e830}> (0x0000000620e3e830) 
thrown [s\open\src\hotspot\share\prims\jni.cpp, line 520]
Event: 0.191 Thread 0x00000212eba25160 Exception <a 'sun/nio/fs/WindowsException'{0x0000000620e3eba8}> (0x0000000620e3eba8) 
thrown [s\open\src\hotspot\share\prims\jni.cpp, line 520]
Event: 0.197 Thread 0x00000212eba25160 Exception <a 'java/lang/NoSuchMethodError'{0x0000000620e59e28}: 'int java.lang.invoke.Invokers$Holder.invokeExact_MT(java.lang.Object, java.lang.Object)'> (0x0000000620e59e28) 
thrown [s\open\src\hotspot\share\interpreter\linkResolver.cpp, line 773]

ZGC Phase Switch (0 events):
No events

VM Operations (4 events):
Event: 0.064 Executing VM operation: HandshakeAllThreads (Deoptimize)
Event: 0.064 Executing VM operation: HandshakeAllThreads (Deoptimize) done
Event: 0.120 Executing VM operation: HandshakeAllThreads (Deoptimize)
Event: 0.120 Executing VM operation: HandshakeAllThreads (Deoptimize) done

Events (13 events):
Event: 0.019 Thread 0x00000212eba25160 Thread added: 0x00000212eba25160
Event: 0.030 Thread 0x00000212d809b0d0 Thread added: 0x00000212d809b0d0
Event: 0.030 Thread 0x00000212d809c1a0 Thread added: 0x00000212d809c1a0
Event: 0.030 Thread 0x00000212d809e930 Thread added: 0x00000212d809e930
Event: 0.030 Thread 0x00000212d809f650 Thread added: 0x00000212d809f650
Event: 0.031 Thread 0x00000212d80a0370 Thread added: 0x00000212d80a0370
Event: 0.031 Thread 0x00000212d809fce0 Thread added: 0x00000212d809fce0
Event: 0.031 Thread 0x00000212d80b14c0 Thread added: 0x00000212d80b14c0
Event: 0.031 Thread 0x00000212d80bfdf0 Thread added: 0x00000212d80bfdf0
Event: 0.036 Thread 0x00000212d80bf720 Thread added: 0x00000212d80bf720
Event: 0.052 Thread 0x00000212d80a0a00 Thread added: 0x00000212d80a0a00
Event: 0.054 Thread 0x00000212d80a1090 Thread added: 0x00000212d80a1090
Event: 0.165 Thread 0x00000212d80c04c0 Thread added: 0x00000212d80c04c0


Dynamic libraries:
0x00007ff645b30000 - 0x00007ff645b40000 	C:\Program Files\Java\jdk-21\bin\java.exe
0x00007fff45f30000 - 0x00007fff46147000 	C:\WINDOWS\SYSTEM32\ntdll.dll
0x00007fff44e70000 - 0x00007fff44f34000 	C:\WINDOWS\System32\KERNEL32.DLL
0x00007fff436a0000 - 0x00007fff43a46000 	C:\WINDOWS\System32\KERNELBASE.dll
0x000000006dbc0000 - 0x000000006def2000 	C:\Program Files\Norton Security\NortonData\22.20.5.39\Definitions\IPSDefs\20240226.064\IPSEng64.dll
0x00007fff45150000 - 0x00007fff45203000 	C:\WINDOWS\System32\ADVAPI32.dll
0x00007fff44510000 - 0x00007fff445b7000 	C:\WINDOWS\System32\msvcrt.dll
0x00007fff44dc0000 - 0x00007fff44e68000 	C:\WINDOWS\System32\sechost.dll
0x00007fff434d0000 - 0x00007fff434f8000 	C:\WINDOWS\System32\bcrypt.dll
0x00007fff44ba0000 - 0x00007fff44cb7000 	C:\WINDOWS\System32\RPCRT4.dll
0x00007fff44f40000 - 0x00007fff44f48000 	C:\WINDOWS\System32\PSAPI.DLL
0x00007fff433b0000 - 0x00007fff434c1000 	C:\WINDOWS\System32\ucrtbase.dll
0x00007fff33560000 - 0x00007fff3357b000 	C:\Program Files\Java\jdk-21\bin\VCRUNTIME140.dll
0x00007fff27da0000 - 0x00007fff27db9000 	C:\Program Files\Java\jdk-21\bin\jli.dll
0x00007fff441b0000 - 0x00007fff4435e000 	C:\WINDOWS\System32\USER32.dll
0x00007fff43270000 - 0x00007fff43296000 	C:\WINDOWS\System32\win32u.dll
0x00007fff440f0000 - 0x00007fff44119000 	C:\WINDOWS\System32\GDI32.dll
0x00007fff35cf0000 - 0x00007fff35f83000 	C:\WINDOWS\WinSxS\amd64_microsoft.windows.common-controls_6595b64144ccf1df_6.0.22621.2506_none_270c5ae97388e100\COMCTL32.dll
0x00007fff43500000 - 0x00007fff43618000 	C:\WINDOWS\System32\gdi32full.dll
0x00007fff43310000 - 0x00007fff433aa000 	C:\WINDOWS\System32\msvcp_win.dll
0x00007fff3b660000 - 0x00007fff3b66a000 	C:\WINDOWS\SYSTEM32\VERSION.dll
0x00007fff450b0000 - 0x00007fff450e1000 	C:\WINDOWS\System32\IMM32.DLL
0x00007fff335c0000 - 0x00007fff335cc000 	C:\Program Files\Java\jdk-21\bin\vcruntime140_1.dll
0x00007fff23f80000 - 0x00007fff2400e000 	C:\Program Files\Java\jdk-21\bin\msvcp140.dll
0x00007ffe98d70000 - 0x00007ffe99a87000 	C:\Program Files\Java\jdk-21\bin\server\jvm.dll
0x00007fff44b10000 - 0x00007fff44b81000 	C:\WINDOWS\System32\WS2_32.dll
0x00007fff42470000 - 0x00007fff424bd000 	C:\WINDOWS\SYSTEM32\POWRPROF.dll
0x00007fff37c80000 - 0x00007fff37cb4000 	C:\WINDOWS\SYSTEM32\WINMM.dll
0x00007fff42320000 - 0x00007fff42333000 	C:\WINDOWS\SYSTEM32\UMPDC.dll
0x00007fff42300000 - 0x00007fff42318000 	C:\WINDOWS\SYSTEM32\kernel.appcore.dll
0x00007fff27d90000 - 0x00007fff27d9a000 	C:\Program Files\Java\jdk-21\bin\jimage.dll
0x00007fff36370000 - 0x00007fff365a3000 	C:\WINDOWS\SYSTEM32\DBGHELP.DLL
0x00007fff445c0000 - 0x00007fff44949000 	C:\WINDOWS\System32\combase.dll
0x00007fff43f10000 - 0x00007fff43fe7000 	C:\WINDOWS\System32\OLEAUT32.dll
0x00007fff1f3d0000 - 0x00007fff1f402000 	C:\WINDOWS\SYSTEM32\dbgcore.DLL
0x00007fff43620000 - 0x00007fff4369a000 	C:\WINDOWS\System32\bcryptPrimitives.dll
0x00007fff23f60000 - 0x00007fff23f7f000 	C:\Program Files\Java\jdk-21\bin\java.dll
0x00007fff45210000 - 0x00007fff45a6b000 	C:\WINDOWS\System32\SHELL32.dll
0x00007fff41180000 - 0x00007fff41a76000 	C:\WINDOWS\SYSTEM32\windows.storage.dll
0x00007fff41040000 - 0x00007fff4117e000 	C:\WINDOWS\SYSTEM32\wintypes.dll
0x00007fff44f50000 - 0x00007fff45043000 	C:\WINDOWS\System32\SHCORE.dll
0x00007fff45050000 - 0x00007fff450ae000 	C:\WINDOWS\System32\shlwapi.dll
0x00007fff431a0000 - 0x00007fff431c6000 	C:\WINDOWS\SYSTEM32\profapi.dll
0x00007fff228f0000 - 0x00007fff229c7000 	C:\Program Files\Java\jdk-21\bin\jsvml.dll
0x00007fff23b80000 - 0x00007fff23b90000 	C:\Program Files\Java\jdk-21\bin\net.dll
0x00007fff3d490000 - 0x00007fff3d5c7000 	C:\WINDOWS\SYSTEM32\WINHTTP.dll
0x00007fff42800000 - 0x00007fff42869000 	C:\WINDOWS\system32\mswsock.dll
0x00007fff23970000 - 0x00007fff23986000 	C:\Program Files\Java\jdk-21\bin\nio.dll
0x00007fff23b90000 - 0x00007fff23ba8000 	C:\Program Files\Java\jdk-21\bin\zip.dll
0x00007fff0b260000 - 0x00007fff0b2db000 	C:\Users\Guy Oz\AppData\Local\Temp\lwjgl_Guy Oz\3.3.3+5\x64\lwjgl.dll
0x00007fff0b160000 - 0x00007fff0b1e2000 	C:\Users\GUYOZ~1\AppData\Local\Temp\lwjgl_Guy Oz\3.3.3+5\x64\glfw.dll
0x00007fff0efc0000 - 0x00007fff0f006000 	C:\WINDOWS\SYSTEM32\dinput8.dll
0x00007ffecd970000 - 0x00007ffecd981000 	C:\WINDOWS\SYSTEM32\xinput1_4.dll
0x00007fff42f60000 - 0x00007fff42fae000 	C:\WINDOWS\SYSTEM32\cfgmgr32.dll
0x00007fff42f30000 - 0x00007fff42f5c000 	C:\WINDOWS\SYSTEM32\DEVOBJ.dll
0x00007fff40a00000 - 0x00007fff40a2b000 	C:\WINDOWS\SYSTEM32\dwmapi.dll
0x00007fff38860000 - 0x00007fff38a6a000 	C:\WINDOWS\SYSTEM32\inputhost.dll
0x00007fff402f0000 - 0x00007fff40424000 	C:\WINDOWS\SYSTEM32\CoreMessaging.dll
0x00007fff40760000 - 0x00007fff4080b000 	C:\WINDOWS\system32\uxtheme.dll
0x00007fff42a90000 - 0x00007fff42a9c000 	C:\WINDOWS\SYSTEM32\CRYPTBASE.DLL
0x00007fff443b0000 - 0x00007fff44501000 	C:\WINDOWS\System32\MSCTF.dll

dbghelp: loaded successfully - version: 4.0.5 - missing functions: none
symbol engine: initialized successfully - sym options: 0x614 - pdb path: .;C:\Program Files\Java\jdk-21\bin;C:\WINDOWS\SYSTEM32;C:\Program Files\Norton Security\NortonData\22.20.5.39\Definitions\IPSDefs\20240226.064;C:\WINDOWS\WinSxS\amd64_microsoft.windows.common-controls_6595b64144ccf1df_6.0.22621.2506_none_270c5ae97388e100;C:\Program Files\Java\jdk-21\bin\server;C:\Users\Guy Oz\AppData\Local\Temp\lwjgl_Guy Oz\3.3.3+5\x64;C:\Users\GUYOZ~1\AppData\Local\Temp\lwjgl_Guy Oz\3.3.3+5\x64

VM Arguments:
jvm_args: -Dfile.encoding=windows-1252 -Duser.country=US -Duser.language=en -Duser.variant 
java_command: com.project.Main
java_class_path (initial): C:\Users\Guy Oz\IdeaProjects\Engine\build\classes\java\main;C:\Users\Guy Oz\IdeaProjects\Engine\build\resources\main;C:\Users\Guy Oz\.gradle\caches\modules-2\files-2.1\org.lwjgl\lwjgl-assimp\3.3.3\c2c34011cbda30ed8cf98bc5cbf97b49afe5279a\lwjgl-assimp-3.3.3.jar;C:\Users\Guy Oz\.gradle\caches\modules-2\files-2.1\org.lwjgl\lwjgl-assimp\3.3.3\d90ccdade594716062975cffd1431d387f770ac4\lwjgl-assimp-3.3.3-natives-windows.jar;C:\Users\Guy Oz\.gradle\caches\modules-2\files-2.1\org.lwjgl\lwjgl-glfw\3.3.3\efa1eb78c5ccd840e9f329717109b5e892d72f8e\lwjgl-glfw-3.3.3.jar;C:\Users\Guy Oz\.gradle\caches\modules-2\files-2.1\org.lwjgl\lwjgl-glfw\3.3.3\e449e28b4891fc423c54c85fbc5bb0b9efece67a\lwjgl-glfw-3.3.3-natives-windows.jar;C:\Users\Guy Oz\.gradle\caches\modules-2\files-2.1\org.lwjgl\lwjgl-nfd\3.3.3\f1b41d3a0a2f5cd2a55a6a59a618c87d0348681c\lwjgl-nfd-3.3.3.jar;C:\Users\Guy Oz\.gradle\caches\modules-2\files-2.1\org.lwjgl\lwjgl-nfd\3.3.3\3a39132eef695dcb7631adc1d02e493527940d10\lwjgl-nfd-3.3.3-natives-windows.jar;C:\Users\Guy Oz\.gradle\caches\modules-2\files-2.1\org.lwjgl\lwjgl-openal\3.3.3\daada81ceb5fc0c291fbfdd4433cb8d9423577f2\lwjgl-openal-3.3.3.jar;C:\Users\Guy Oz\.gradle\caches\modules-2\files-2.1\org.lwjgl\lwjgl-openal\3.3.3\cf83862ae95d98496b26915024c7e666d8ab1c8f\lwjgl-openal-3.3.3-natives-windows.jar;C:\Users\Guy Oz\.gradle\caches\modules-2\files-2.1\org.lwjgl\lwjgl-opengl\3.3.3\2f6b0147078396a58979125a4c947664e98293a\lwjgl-opengl-3.3.3.jar;C:\Users\Guy Oz\.gradle\caches\modules-2\files-2.1\org.lwjgl\lwjgl-opengl\3.3.3\e6c1eec8be8a71951b830a4d69efc01c6531900c\lwjgl-opengl-3.3.3-natives-windows.jar;C:\Users\Guy Oz\.gradle\caches\modules-2\files-2.1\org.lwjgl\lwjgl-stb\3.3.3\25dd6161988d7e65f71d5065c99902402ee32746\lwjgl-stb-3.3.3.jar;C:\Users\Guy Oz\.gradle\caches\modules-2\files-2.1\org.lwjgl\lwjgl-stb\3.3.3\1d9facdf6541de114b0f963be33505b7679c78cb\lwjgl-stb-3.3.3-natives-windows.jar;C:\Users\Guy Oz\.gradle\caches\modules-2\files-2.1\org.lwjgl\lwjgl\3.3.3\29589b5f87ed335a6c7e7ee6a5775f81f97ecb84\lwjgl-3.3.3.jar;C:\Users\Guy Oz\.gradle\caches\modules-2\files-2.1\org.lwjgl\lwjgl\3.3.3\a5ed18a2b82fc91b81f40d717cb1f64c9dcb0540\lwjgl-3.3.3-natives-windows.jar;C:\Users\Guy Oz\.gradle\caches\modules-2\files-2.1\org.joml\joml\1.10.5\22566d58af70ad3d72308bab63b8339906deb649\joml-1.10.5.jar
Launcher Type: SUN_STANDARD

[Global flags]
     intx CICompilerCount                          = 12                                        {product} {ergonomic}
     uint ConcGCThreads                            = 5                                         {product} {ergonomic}
     uint G1ConcRefinementThreads                  = 18                                        {product} {ergonomic}
   size_t G1HeapRegionSize                         = 4194304                                   {product} {ergonomic}
    uintx GCDrainStackTargetSize                   = 64                                        {product} {ergonomic}
   size_t InitialHeapSize                          = 536870912                                 {product} {ergonomic}
   size_t MarkStackSize                            = 4194304                                   {product} {ergonomic}
   size_t MaxHeapSize                              = 8568963072                                {product} {ergonomic}
   size_t MaxNewSize                               = 5138022400                                {product} {ergonomic}
   size_t MinHeapDeltaBytes                        = 4194304                                   {product} {ergonomic}
   size_t MinHeapSize                              = 8388608                                   {product} {ergonomic}
    uintx NonNMethodCodeHeapSize                   = 7602480                                {pd product} {ergonomic}
    uintx NonProfiledCodeHeapSize                  = 122027880                              {pd product} {ergonomic}
    uintx ProfiledCodeHeapSize                     = 122027880                              {pd product} {ergonomic}
    uintx ReservedCodeCacheSize                    = 251658240                              {pd product} {ergonomic}
     bool SegmentedCodeCache                       = true                                      {product} {ergonomic}
   size_t SoftMaxHeapSize                          = 8568963072                             {manageable} {ergonomic}
     bool UseCompressedOops                        = true                           {product lp64_product} {ergonomic}
     bool UseG1GC                                  = true                                      {product} {ergonomic}
     bool UseLargePagesIndividualAllocation        = false                                  {pd product} {ergonomic}

Logging:
Log output configuration:
 #0: stdout all=warning uptime,level,tags foldmultilines=false
 #1: stderr all=off uptime,level,tags foldmultilines=false

Environment Variables:
JAVA_HOME=C:\Program Files\Java\jdk-17.0.3.1
PATH=C:\Program Files\Common Files\Oracle\Java\javapath;C:\Python27\;C:\Program Files (x86)\Razer Chroma SDK\bin;C:\Program Files\Razer Chroma SDK\bin;C:\Program Files (x86)\Razer\ChromaBroadcast\bin;C:\Program Files\Razer\ChromaBroadcast\bin;C:\WINDOWS\system32;C:\WINDOWS;C:\WINDOWS\System32\Wbem;C:\WINDOWS\System32\WindowsPowerShell\v1.0\;C:\WINDOWS\System32\OpenSSH\;C:\Program Files\NVIDIA Corporation\NVIDIA NvDLISR;C:\Program Files\Microsoft SQL Server\130\Tools\Binn\;C:\Users\Guy Oz\AppData\Local\Microsoft\WindowsApps;C:\Users\Guy Oz\.dotnet\tools;C:\Users\Guy Oz\AppData\Local\Programs\Microsoft VS Code\bin;C:\WINDOWS\system32\config\systemprofile\AppData\Local\Microsoft\WindowsApps;C:\Program Files (x86)\NVIDIA Corporation\PhysX\Common;C:\WINDOWS\system32;C:\WINDOWS;C:\WINDOWS\System32\Wbem;C:\WINDOWS\System32\WindowsPowerShell\v1.0\;C:\WINDOWS\System32\OpenSSH\;C:\Program Files\Microsoft SQL Server\150\Tools\Binn\;C:\Program Files (x86)\dotnet\;C:\Program Files\dotnet\;C:\Program Files\apache-maven-3.8.6\bin;C:\Program Files\nodejs\;C:\Users\Guy Oz\AppData\Local\Android\Sdk\platform-tools\adb.exe;C:\Program Files\Docker\Docker\resources\bin;C:\Program Files\Git\cmd;C:\Users\Guy Oz\AppData\Local\Programs\Python\Python312\Scripts\;C:\Users\Guy Oz\AppData\Local\Programs\Python\Python312\;C:\Users\Guy Oz\AppData\Local\Programs\Python\Launcher\;C:\Users\Guy Oz\AppData\Local\Microsoft\WindowsApps;C:\Users\Guy Oz\.dotnet\tools;C:\Users\Guy Oz\AppData\Local\Programs\Microsoft VS Code\bin;C:\Users\Guy Oz\AppData\Roaming\npm;C:\Users\Guy Oz\AppData\Local\Android\Sdk\platform-tools\adb.exe;C:\Program Files\Python311;;C:\Program Files\JetBrains\IntelliJ IDEA Community Edition 2023.3.4\bin;;C:\Program Files\JetBrains\IntelliJ IDEA 2023.3.4\bin;
USERNAME=Guy Oz
OS=Windows_NT
PROCESSOR_IDENTIFIER=AMD64 Family 23 Model 113 Stepping 0, AuthenticAMD
TMP=C:\Users\GUYOZ~1\AppData\Local\Temp
TEMP=C:\Users\GUYOZ~1\AppData\Local\Temp




Periodic native trim disabled

---------------  S Y S T E M  ---------------

OS:
 Windows 11 , 64 bit Build 22621 (10.0.22621.3085)
OS uptime: 0 days 3:53 hours
Hyper-V role detected

CPU: total 24 (initial active 24) (24 cores per cpu, 2 threads per core) family 23 model 113 stepping 0 microcode 0x0, cx8, cmov, fxsr, ht, mmx, 3dnowpref, sse, sse2, sse3, ssse3, sse4a, sse4.1, sse4.2, popcnt, lzcnt, tsc, tscinvbit, avx, avx2, aes, clmul, bmi1, bmi2, adx, sha, fma, vzeroupper, clflush, clflushopt, hv, rdtscp, rdpid, f16c
Processor Information for all 24 processors :
  Max Mhz: 4223, Current Mhz: 4223, Mhz Limit: 4223

Memory: 4k page, system-wide physical 32679M (19265M free)
TotalPageFile size 37543M (AvailPageFile size 20436M)
current process WorkingSet (physical memory assigned to process): 54M, peak: 54M
current process commit charge ("private bytes"): 630M, peak: 630M

vm_info: Java HotSpot(TM) 64-Bit Server VM (21.0.2+13-LTS-58) for windows-amd64 JRE (21.0.2+13-LTS-58), built on 2024-01-05T18:32:24Z by "mach5one" with MS VC++ 17.1 (VS2022)

END.
